2017.07.22 10:02:49 1: Including fhem.cfg
2017.07.22 10:02:50 2: eventTypes: loaded 4 events from ./log/eventTypes.txt
2017.07.22 10:02:50 1: Including ./log/fhem.save
2017.07.22 10:02:50 1: usb create starting
2017.07.22 10:02:50 1: usb create end
2017.07.22 10:02:50 2: SecurityCheck:  WEB has no basicAuth attribute. Running with root privileges. Restart FHEM for a new check if the problem is fixed, or set the global attribute motd to none to supress this message. 
2017.07.22 10:02:50 0: Featurelevel: 5.7
2017.07.22 10:02:50 0: Server started with 9 defined entities (version $Id: fhem.pl 9893 2015-11-15 08:43:05Z rudolfkoenig $, os linux, user root, pid 8)
2017.07.22 10:07:33 1: MKDIR restoreDir/2017-07-22
2017.07.22 10:07:33 1: UPD ./CHANGED
2017.07.22 10:07:33 1: UPD ./configDB.pm
2017.07.22 10:07:33 1: UPD ./fhem.cfg.demo
2017.07.22 10:07:33 1: UPD ./fhem.pl
2017.07.22 10:07:33 1: UPD FHEM/00_CUL.pm
2017.07.22 10:07:33 1: UPD FHEM/00_DFPlayerMini.pm
2017.07.22 10:07:33 1: UPD FHEM/00_FBAHA.pm
2017.07.22 10:07:33 1: UPD FHEM/00_FBAHAHTTP.pm
2017.07.22 10:07:33 1: UPD FHEM/00_FHZ.pm
2017.07.22 10:07:33 1: UPD FHEM/00_HMLAN.pm
2017.07.22 10:07:33 1: UPD FHEM/00_HMUARTLGW.pm
2017.07.22 10:07:33 1: UPD FHEM/00_KM271.pm
2017.07.22 10:07:33 1: UPD FHEM/00_LIRC.pm
2017.07.22 10:07:34 1: UPD FHEM/00_MAXLAN.pm
2017.07.22 10:07:34 1: UPD FHEM/00_MQTT.pm
2017.07.22 10:07:34 1: UPD FHEM/00_NetzerI2C.pm
2017.07.22 10:07:34 1: UPD FHEM/00_OWX.pm
2017.07.22 10:07:34 1: UPD FHEM/00_RPII2C.pm
2017.07.22 10:07:34 1: UPD FHEM/00_SIGNALduino.pm
2017.07.22 10:07:34 1: UPD FHEM/00_SONOS.pm
2017.07.22 10:07:34 1: UPD FHEM/00_SmartMeterP1.pm
2017.07.22 10:07:34 1: UPD FHEM/00_TCM.pm
2017.07.22 10:07:34 1: UPD FHEM/00_THZ.pm
2017.07.22 10:07:34 1: UPD FHEM/00_TUL.pm
2017.07.22 10:07:34 1: UPD FHEM/00_ZWCUL.pm
2017.07.22 10:07:34 1: UPD FHEM/00_ZWDongle.pm
2017.07.22 10:07:34 1: UPD FHEM/01_FHEMWEB.pm
2017.07.22 10:07:35 1: UPD FHEM/02_FRAMEBUFFER.pm
2017.07.22 10:07:35 1: UPD FHEM/02_FTUISRV.pm
2017.07.22 10:07:35 1: UPD FHEM/02_HTTPSRV.pm
2017.07.22 10:07:35 1: UPD FHEM/02_RSS.pm
2017.07.22 10:07:35 1: UPD FHEM/09_CUL_FHTTK.pm
2017.07.22 10:07:35 1: UPD FHEM/10_CUL_HM.pm
2017.07.22 10:07:35 1: UPD FHEM/10_DUOFERNSTICK.pm
2017.07.22 10:07:35 1: UPD FHEM/10_EIB.pm
2017.07.22 10:07:35 1: UPD FHEM/10_EQ3BT.pm
2017.07.22 10:07:35 1: UPD FHEM/10_EnOcean.pm
2017.07.22 10:07:35 1: UPD FHEM/10_FBDECT.pm
2017.07.22 10:07:36 1: UPD FHEM/10_FRM.pm
2017.07.22 10:07:36 1: UPD FHEM/10_FS20.pm
2017.07.22 10:07:36 1: UPD FHEM/10_IT.pm
2017.07.22 10:07:36 1: UPD FHEM/10_Itach_IR.pm
2017.07.22 10:07:36 1: UPD FHEM/10_KNX.pm
2017.07.22 10:07:36 1: UPD FHEM/10_KOPP_FC.pm
2017.07.22 10:07:36 1: UPD FHEM/10_MAX.pm
2017.07.22 10:07:36 1: UPD FHEM/10_MQTT_BRIDGE.pm
2017.07.22 10:07:36 1: UPD FHEM/10_MQTT_DEVICE.pm
2017.07.22 10:07:36 1: UPD FHEM/10_MYSENSORS_DEVICE.pm
2017.07.22 10:07:36 1: UPD FHEM/10_OWServer.pm
2017.07.22 10:07:36 1: UPD FHEM/10_RESIDENTS.pm
2017.07.22 10:07:36 1: UPD FHEM/10_SOMFY.pm
2017.07.22 10:07:36 1: UPD FHEM/10_UNIRoll.pm
2017.07.22 10:07:36 1: UPD FHEM/10_ZWave.pm
2017.07.22 10:07:36 1: UPD FHEM/10_pilight_ctrl.pm
2017.07.22 10:07:36 1: UPD FHEM/11_FHT.pm
2017.07.22 10:07:36 1: UPD FHEM/11_FHT8V.pm
2017.07.22 10:07:36 1: UPD FHEM/11_OWDevice.pm
2017.07.22 10:07:36 1: UPD FHEM/12_HMS.pm
2017.07.22 10:07:36 1: UPD FHEM/13_KS300.pm
2017.07.22 10:07:36 1: UPD FHEM/14_CUL_MAX.pm
2017.07.22 10:07:36 1: UPD FHEM/14_CUL_REDIRECT.pm
2017.07.22 10:07:36 1: UPD FHEM/14_CUL_TCM97001.pm
2017.07.22 10:07:37 1: UPD FHEM/14_CUL_TX.pm
2017.07.22 10:07:37 1: UPD FHEM/14_CUL_WS.pm
2017.07.22 10:07:37 1: UPD FHEM/14_Hideki.pm
2017.07.22 10:07:37 1: UPD FHEM/14_SD_WS.pm
2017.07.22 10:07:37 1: UPD FHEM/14_SD_WS07.pm
2017.07.22 10:07:37 1: UPD FHEM/14_SD_WS09.pm
2017.07.22 10:07:37 1: UPD FHEM/14_SD_WS_Maverick.pm
2017.07.22 10:07:37 1: UPD FHEM/15_CUL_EM.pm
2017.07.22 10:07:37 1: UPD FHEM/16_CUL_RFR.pm
2017.07.22 10:07:37 1: UPD FHEM/16_STACKABLE.pm
2017.07.22 10:07:37 1: UPD FHEM/16_STACKABLE_CC.pm
2017.07.22 10:07:37 1: UPD FHEM/17_EGPM2LAN.pm
2017.07.22 10:07:37 1: UPD FHEM/18_CUL_HOERMANN.pm
2017.07.22 10:07:37 1: UPD FHEM/19_VBUSIF.pm
2017.07.22 10:07:37 1: UPD FHEM/20_GUEST.pm
2017.07.22 10:07:37 1: UPD FHEM/20_N4HBUS.pm
2017.07.22 10:07:37 1: UPD FHEM/20_ROOMMATE.pm
2017.07.22 10:07:37 1: UPD FHEM/20_X10.pm
2017.07.22 10:07:37 1: UPD FHEM/21_HEOSGroup.pm
2017.07.22 10:07:37 1: UPD FHEM/21_HEOSMaster.pm
2017.07.22 10:07:37 1: UPD FHEM/21_HEOSPlayer.pm
2017.07.22 10:07:37 1: UPD FHEM/21_N4HMODULE.pm
2017.07.22 10:07:37 1: UPD FHEM/21_OWAD.pm
2017.07.22 10:07:37 1: UPD FHEM/21_OWCOUNT.pm
2017.07.22 10:07:37 1: UPD FHEM/21_OWID.pm
2017.07.22 10:07:37 1: UPD FHEM/21_OWLCD.pm
2017.07.22 10:07:37 1: UPD FHEM/21_OWMULTI.pm
2017.07.22 10:07:37 1: UPD FHEM/21_OWSWITCH.pm
2017.07.22 10:07:38 1: UPD FHEM/21_OWTHERM.pm
2017.07.22 10:07:38 1: UPD FHEM/21_OWVAR.pm
2017.07.22 10:07:38 1: UPD FHEM/21_SONOSPLAYER.pm
2017.07.22 10:07:38 1: UPD FHEM/21_VBUSDEV.pm
2017.07.22 10:07:38 1: UPD FHEM/22_HOMEMODE.pm
2017.07.22 10:07:38 1: UPD FHEM/23_KOSTALPIKO.pm
2017.07.22 10:07:38 1: UPD FHEM/23_LUXTRONIK2.pm
2017.07.22 10:07:38 1: UPD FHEM/24_TPLinkHS110.pm
2017.07.22 10:07:38 1: UPD FHEM/26_KM273.pm
2017.07.22 10:07:38 1: UPD FHEM/26_tahoma.pm
2017.07.22 10:07:38 1: UPD FHEM/30_DUOFERN.pm
2017.07.22 10:07:39 1: UPD FHEM/30_HUEBridge.pm
2017.07.22 10:07:39 1: UPD FHEM/30_LIGHTIFY.pm
2017.07.22 10:07:39 1: UPD FHEM/30_MilightBridge.pm
2017.07.22 10:07:39 1: UPD FHEM/30_pilight_contact.pm
2017.07.22 10:07:39 1: UPD FHEM/30_pilight_dimmer.pm
2017.07.22 10:07:39 1: UPD FHEM/30_pilight_raw.pm
2017.07.22 10:07:39 1: UPD FHEM/30_pilight_smoke.pm
2017.07.22 10:07:39 1: UPD FHEM/30_pilight_switch.pm
2017.07.22 10:07:39 1: UPD FHEM/30_pilight_temp.pm
2017.07.22 10:07:39 1: UPD FHEM/31_HUEDevice.pm
2017.07.22 10:07:39 1: UPD FHEM/31_LightScene.pm
2017.07.22 10:07:39 1: UPD FHEM/31_MilightDevice.pm
2017.07.22 10:07:39 1: UPD FHEM/31_PLAYBULB.pm
2017.07.22 10:07:39 1: UPD FHEM/32_SYSSTAT.pm
2017.07.22 10:07:39 1: UPD FHEM/32_TechemHKV.pm
2017.07.22 10:07:39 1: UPD FHEM/32_TechemWZ.pm
2017.07.22 10:07:39 1: UPD FHEM/32_WifiLight.pm
2017.07.22 10:07:39 1: UPD FHEM/32_mailcheck.pm
2017.07.22 10:07:39 1: UPD FHEM/32_speedtest.pm
2017.07.22 10:07:39 1: UPD FHEM/32_withings.pm
2017.07.22 10:07:39 1: UPD FHEM/32_yowsup.pm
2017.07.22 10:07:39 1: UPD FHEM/33_readingsChange.pm
2017.07.22 10:07:39 1: UPD FHEM/33_readingsGroup.pm
2017.07.22 10:07:39 1: UPD FHEM/33_readingsHistory.pm
2017.07.22 10:07:39 1: UPD FHEM/33_readingsProxy.pm
2017.07.22 10:07:40 1: UPD FHEM/34_ESPEasy.pm
2017.07.22 10:07:40 1: UPD FHEM/34_SWAP.pm
2017.07.22 10:07:40 1: UPD FHEM/34_panStamp.pm
2017.07.22 10:07:40 1: UPD FHEM/35_SWAP_0000002200000003.pm
2017.07.22 10:07:40 1: UPD FHEM/35_SWAP_0000002200000008.pm
2017.07.22 10:07:40 1: UPD FHEM/36_EC3000.pm
2017.07.22 10:07:40 1: UPD FHEM/36_EMT7110.pm
2017.07.22 10:07:40 1: UPD FHEM/36_EleroDrive.pm
2017.07.22 10:07:40 1: UPD FHEM/36_EleroStick.pm
2017.07.22 10:07:40 1: UPD FHEM/36_JeeLink.pm
2017.07.22 10:07:40 1: UPD FHEM/36_KeyValueProtocol.pm
2017.07.22 10:07:40 1: UPD FHEM/36_LaCrosse.pm
2017.07.22 10:07:40 1: UPD FHEM/36_LaCrosseGateway.pm
2017.07.22 10:07:40 1: UPD FHEM/36_Level.pm
2017.07.22 10:07:40 1: UPD FHEM/36_PCA301.pm
2017.07.22 10:07:40 1: UPD FHEM/36_Vallox.pm
2017.07.22 10:07:40 1: UPD FHEM/36_WMBUS.pm
2017.07.22 10:07:40 1: UPD FHEM/37_Spotify.pm
2017.07.22 10:07:40 1: UPD FHEM/37_dash_dhcp.pm
2017.07.22 10:07:40 1: UPD FHEM/37_fakeRoku.pm
2017.07.22 10:07:40 1: UPD FHEM/37_harmony.pm
2017.07.22 10:07:40 1: UPD FHEM/37_plex.pm
2017.07.22 10:07:40 1: UPD FHEM/38_Broadlink.pm
2017.07.22 10:07:40 1: UPD FHEM/38_CO20.pm
2017.07.22 10:07:40 1: UPD FHEM/38_JawboneUp.pm
2017.07.22 10:07:40 1: UPD FHEM/38_netatmo.pm
2017.07.22 10:07:41 1: UPD FHEM/39_alexa.pm
2017.07.22 10:07:41 1: UPD FHEM/39_siri.pm
2017.07.22 10:07:41 1: UPD FHEM/40_RFXCOM.pm
2017.07.22 10:07:41 1: UPD FHEM/41_OREGON.pm
2017.07.22 10:07:41 1: UPD FHEM/42_Nextion.pm
2017.07.22 10:07:41 1: UPD FHEM/42_SMARTMON.pm
2017.07.22 10:07:41 1: UPD FHEM/42_SYSMON.pm
2017.07.22 10:07:41 1: UPD FHEM/44_S7.pm
2017.07.22 10:07:41 1: UPD FHEM/44_S7_ARead.pm
2017.07.22 10:07:41 1: UPD FHEM/44_S7_AWrite.pm
2017.07.22 10:07:41 1: UPD FHEM/44_S7_Client.pm
2017.07.22 10:07:41 1: UPD FHEM/44_S7_DRead.pm
2017.07.22 10:07:41 1: UPD FHEM/44_S7_DWrite.pm
2017.07.22 10:07:41 1: UPD FHEM/44_S7_S5Client.pm
2017.07.22 10:07:41 1: UPD FHEM/44_S7_S7Client.pm
2017.07.22 10:07:41 1: UPD FHEM/44_TEK603.pm
2017.07.22 10:07:41 1: UPD FHEM/45_Plugwise.pm
2017.07.22 10:07:41 1: UPD FHEM/45_TRX.pm
2017.07.22 10:07:41 1: UPD FHEM/46_PW_Circle.pm
2017.07.22 10:07:41 1: UPD FHEM/46_PW_Scan.pm
2017.07.22 10:07:41 1: UPD FHEM/46_PW_Sense.pm
2017.07.22 10:07:41 1: UPD FHEM/46_PW_Switch.pm
2017.07.22 10:07:41 1: UPD FHEM/46_SmartPi.pm
2017.07.22 10:07:41 1: UPD FHEM/46_TRX_ELSE.pm
2017.07.22 10:07:41 1: UPD FHEM/46_TRX_LIGHT.pm
2017.07.22 10:07:41 1: UPD FHEM/46_TRX_SECURITY.pm
2017.07.22 10:07:41 1: UPD FHEM/46_TRX_WEATHER.pm
2017.07.22 10:07:42 1: UPD FHEM/47_OBIS.pm
2017.07.22 10:07:42 1: UPD FHEM/49_SSCam.pm
2017.07.22 10:07:42 1: UPD FHEM/49_TBot_List.pm
2017.07.22 10:07:42 1: UPD FHEM/50_HP1000.pm
2017.07.22 10:07:42 1: UPD FHEM/50_TelegramBot.pm
2017.07.22 10:07:42 1: UPD FHEM/51_I2C_BH1750.pm
2017.07.22 10:07:42 1: UPD FHEM/51_I2C_BMP180.pm
2017.07.22 10:07:42 1: UPD FHEM/51_I2C_TSL2561.pm
2017.07.22 10:07:42 1: UPD FHEM/51_Netzer.pm
2017.07.22 10:07:42 1: UPD FHEM/51_RPI_GPIO.pm
2017.07.22 10:07:42 1: UPD FHEM/52_I2C_BME280.pm
2017.07.22 10:07:42 1: UPD FHEM/52_I2C_EEPROM.pm
2017.07.22 10:07:42 1: UPD FHEM/52_I2C_HDC1008.pm
2017.07.22 10:07:42 1: UPD FHEM/52_I2C_K30.pm
2017.07.22 10:07:42 1: UPD FHEM/52_I2C_MCP23008.pm
2017.07.22 10:07:42 1: UPD FHEM/52_I2C_MCP23017.pm
2017.07.22 10:07:42 1: UPD FHEM/52_I2C_MCP342x.pm
2017.07.22 10:07:42 1: UPD FHEM/52_I2C_MMA845X.pm
2017.07.22 10:07:42 1: UPD FHEM/52_I2C_PCA9532.pm
2017.07.22 10:07:42 1: UPD FHEM/52_I2C_PCA9685.pm
2017.07.22 10:07:43 1: UPD FHEM/52_I2C_PCF8574.pm
2017.07.22 10:07:43 1: UPD FHEM/52_I2C_SHT21.pm
2017.07.22 10:07:43 1: UPD FHEM/52_I2C_SHT3x.pm
2017.07.22 10:07:43 1: UPD FHEM/53_GHoma.pm
2017.07.22 10:07:43 1: UPD FHEM/55_InfoPanel.pm
2017.07.22 10:07:43 1: UPD FHEM/55_PIFACE.pm
2017.07.22 10:07:43 1: UPD FHEM/57_CALVIEW.pm
2017.07.22 10:07:43 1: UPD FHEM/57_Calendar.pm
2017.07.22 10:07:43 1: UPD FHEM/59_LuftdatenInfo.pm
2017.07.22 10:07:43 1: UPD FHEM/59_OPENWEATHER.pm
2017.07.22 10:07:43 1: UPD FHEM/59_PROPLANTA.pm
2017.07.22 10:07:43 1: UPD FHEM/59_Twilight.pm
2017.07.22 10:07:43 1: UPD FHEM/59_Weather.pm
2017.07.22 10:07:43 1: UPD FHEM/59_Wunderground.pm
2017.07.22 10:07:43 1: UPD FHEM/60_EM.pm
2017.07.22 10:07:43 1: UPD FHEM/60_allergy.pm
2017.07.22 10:07:43 1: UPD FHEM/61_EMWZ.pm
2017.07.22 10:07:43 1: UPD FHEM/62_EMEM.pm
2017.07.22 10:07:43 1: UPD FHEM/63_EMGZ.pm
2017.07.22 10:07:43 1: UPD FHEM/66_ECMD.pm
2017.07.22 10:07:43 1: UPD FHEM/67_ECMDDevice.pm
2017.07.22 10:07:43 1: UPD FHEM/70_BRAVIA.pm
2017.07.22 10:07:43 1: UPD FHEM/70_EGPM.pm
2017.07.22 10:07:43 1: UPD FHEM/70_ENIGMA2.pm
2017.07.22 10:07:43 1: UPD FHEM/70_JSONMETER.pm
2017.07.22 10:07:44 1: UPD FHEM/70_Jabber.pm
2017.07.22 10:07:44 1: UPD FHEM/70_KODI.pm
2017.07.22 10:07:44 1: UPD FHEM/70_MEDIAPORTAL.pm
2017.07.22 10:07:44 1: UPD FHEM/70_NEUTRINO.pm
2017.07.22 10:07:44 1: UPD FHEM/70_ONKYO_AVR.pm
2017.07.22 10:07:44 1: UPD FHEM/70_PHTV.pm
2017.07.22 10:07:44 1: UPD FHEM/70_PIONEERAVR.pm
2017.07.22 10:07:44 1: UPD FHEM/70_PushNotifier.pm
2017.07.22 10:07:44 1: UPD FHEM/70_Pushalot.pm
2017.07.22 10:07:44 1: UPD FHEM/70_Pushover.pm
2017.07.22 10:07:44 1: UPD FHEM/70_Pushsafer.pm
2017.07.22 10:07:44 1: UPD FHEM/70_SML.pm
2017.07.22 10:07:44 1: UPD FHEM/70_STV.pm
2017.07.22 10:07:44 1: UPD FHEM/70_TellStick.pm
2017.07.22 10:07:44 1: UPD FHEM/70_VIERA.pm
2017.07.22 10:07:44 1: UPD FHEM/70_VolumeLink.pm
2017.07.22 10:07:44 1: UPD FHEM/70_WS3600.pm
2017.07.22 10:07:44 1: UPD FHEM/70_XBMC.pm
2017.07.22 10:07:44 1: UPD FHEM/71_ONKYO_AVR_ZONE.pm
2017.07.22 10:07:44 1: UPD FHEM/71_PHILIPS_AUDIO.pm
2017.07.22 10:07:44 1: UPD FHEM/71_PIONEERAVRZONE.pm
2017.07.22 10:07:45 1: UPD FHEM/71_YAMAHA_AVR.pm
2017.07.22 10:07:45 1: UPD FHEM/71_YAMAHA_BD.pm
2017.07.22 10:07:45 1: UPD FHEM/71_YAMAHA_NP.pm
2017.07.22 10:07:45 1: UPD FHEM/72_FB_CALLLIST.pm
2017.07.22 10:07:45 1: UPD FHEM/72_FB_CALLMONITOR.pm
2017.07.22 10:07:45 1: UPD FHEM/72_FRITZBOX.pm
2017.07.22 10:07:45 1: UPD FHEM/73_ElectricityCalculator.pm
2017.07.22 10:07:45 1: UPD FHEM/73_GasCalculator.pm
2017.07.22 10:07:45 1: UPD FHEM/73_MPD.pm
2017.07.22 10:07:45 1: UPD FHEM/73_NUKIBridge.pm
2017.07.22 10:07:45 1: UPD FHEM/73_PRESENCE.pm
2017.07.22 10:07:45 1: UPD FHEM/73_km200.pm
2017.07.22 10:07:45 1: UPD FHEM/74_AMAD.pm
2017.07.22 10:07:45 1: UPD FHEM/74_HOMBOT.pm
2017.07.22 10:07:45 1: UPD FHEM/74_NUKIDevice.pm
2017.07.22 10:07:46 1: UPD FHEM/74_Nmap.pm
2017.07.22 10:07:46 1: UPD FHEM/74_THINKINGCLEANER.pm
2017.07.22 10:07:46 1: UPD FHEM/74_Unifi.pm
2017.07.22 10:07:46 1: UPD FHEM/74_XiaomiFlowerSens.pm
2017.07.22 10:07:46 1: UPD FHEM/75_MSG.pm
2017.07.22 10:07:46 1: UPD FHEM/75_msgConfig.pm
2017.07.22 10:07:46 1: UPD FHEM/76_MSGFile.pm
2017.07.22 10:07:46 1: UPD FHEM/76_MSGMail.pm
2017.07.22 10:07:46 1: UPD FHEM/76_SMAInverter.pm
2017.07.22 10:07:46 1: UPD FHEM/77_SMAEM.pm
2017.07.22 10:07:46 1: UPD FHEM/77_SMASTP.pm
2017.07.22 10:07:46 1: UPD FHEM/77_UWZ.pm
2017.07.22 10:07:46 1: UPD FHEM/79_BDKM.pm
2017.07.22 10:07:46 1: UPD FHEM/82_LGTV_IP12.pm
2017.07.22 10:07:46 1: UPD FHEM/82_LGTV_WebOS.pm
2017.07.22 10:07:46 1: UPD FHEM/86_Robonect.pm
2017.07.22 10:07:46 1: UPD FHEM/88_HMCCU.pm
2017.07.22 10:07:46 1: UPD FHEM/88_HMCCUCHN.pm
2017.07.22 10:07:46 1: UPD FHEM/88_HMCCUDEV.pm
2017.07.22 10:07:46 1: UPD FHEM/88_HMCCURPC.pm
2017.07.22 10:07:46 1: UPD FHEM/88_Itach_IRDevice.pm
2017.07.22 10:07:47 1: UPD FHEM/89_HEATRONIC.pm
2017.07.22 10:07:47 1: UPD FHEM/89_VCONTROL.pm
2017.07.22 10:07:47 1: UPD FHEM/90_SIGNALduino_un.pm
2017.07.22 10:07:47 1: UPD FHEM/90_at.pm
2017.07.22 10:07:47 1: UPD FHEM/91_eventTypes.pm
2017.07.22 10:07:47 1: UPD FHEM/91_notify.pm
2017.07.22 10:07:47 1: UPD FHEM/91_sequence.pm
2017.07.22 10:07:47 1: UPD FHEM/91_watchdog.pm
2017.07.22 10:07:47 1: UPD FHEM/92_FileLog.pm
2017.07.22 10:07:47 1: UPD FHEM/92_SingleFileLog.pm
2017.07.22 10:07:47 1: UPD FHEM/93_DbLog.pm
2017.07.22 10:07:47 1: UPD FHEM/93_DbRep.pm
2017.07.22 10:07:48 1: UPD FHEM/93_FHEM2FHEM.pm
2017.07.22 10:07:48 1: UPD FHEM/93_PWMR.pm
2017.07.22 10:07:48 1: UPD FHEM/94_PWM.pm
2017.07.22 10:07:48 1: UPD FHEM/95_Alarm.pm
2017.07.22 10:07:48 1: UPD FHEM/95_Astro.pm
2017.07.22 10:07:48 1: UPD FHEM/95_Dashboard.pm
2017.07.22 10:07:48 1: UPD FHEM/95_FLOORPLAN.pm
2017.07.22 10:07:48 1: UPD FHEM/95_PostMe.pm
2017.07.22 10:07:48 1: UPD FHEM/95_holiday.pm
2017.07.22 10:07:48 1: UPD FHEM/95_remotecontrol.pm
2017.07.22 10:07:48 1: UPD FHEM/96_SIP.pm
2017.07.22 10:07:48 1: UPD FHEM/96_Snapcast.pm
2017.07.22 10:07:48 1: UPD FHEM/96_allowed.pm
2017.07.22 10:07:48 1: UPD FHEM/97_TrashCal.pm
2017.07.22 10:07:48 1: UPD FHEM/98_ArduCounter.pm
2017.07.22 10:07:48 1: UPD FHEM/98_BOSEST.pm
2017.07.22 10:07:48 1: UPD FHEM/98_CULflash.pm
2017.07.22 10:07:48 1: UPD FHEM/98_ComfoAir.pm
2017.07.22 10:07:48 1: UPD FHEM/98_CustomReadings.pm
2017.07.22 10:07:48 1: UPD FHEM/98_DLNARenderer.pm
2017.07.22 10:07:48 1: UPD FHEM/98_DOIF.pm
2017.07.22 10:07:49 1: UPD FHEM/98_DOIFtools.pm
2017.07.22 10:07:49 1: UPD FHEM/98_Dooya.pm
2017.07.22 10:07:49 1: UPD FHEM/98_EDIPLUG.pm
2017.07.22 10:07:49 1: UPD FHEM/98_FReplacer.pm
2017.07.22 10:07:49 1: UPD FHEM/98_GAEBUS.pm
2017.07.22 10:07:49 1: UPD FHEM/98_GEOFANCY.pm
2017.07.22 10:07:49 1: UPD FHEM/98_GoogleAuth.pm
2017.07.22 10:07:49 1: UPD FHEM/98_HMinfo.pm
2017.07.22 10:07:49 1: UPD FHEM/98_HMtemplate.pm
2017.07.22 10:07:49 1: UPD FHEM/98_HTTPMOD.pm
2017.07.22 10:07:49 1: UPD FHEM/98_Heating_Control.pm
2017.07.22 10:07:49 1: UPD FHEM/98_HourCounter.pm
2017.07.22 10:07:49 1: UPD FHEM/98_Hyperion.pm
2017.07.22 10:07:49 1: UPD FHEM/98_IF.pm
2017.07.22 10:07:49 1: UPD FHEM/98_JsonList.pm
2017.07.22 10:07:49 1: UPD FHEM/98_JsonList2.pm
2017.07.22 10:07:49 1: UPD FHEM/98_MaxScanner.pm
2017.07.22 10:07:49 1: UPD FHEM/98_MediaList.pm
2017.07.22 10:07:49 1: UPD FHEM/98_Modbus.pm
2017.07.22 10:07:49 1: UPD FHEM/98_ModbusAttr.pm
2017.07.22 10:07:49 1: UPD FHEM/98_ModbusSET.pm
2017.07.22 10:07:50 1: UPD FHEM/98_ModbusTrovis5576.pm
2017.07.22 10:07:50 1: UPD FHEM/98_PID20.pm
2017.07.22 10:07:50 1: UPD FHEM/98_QRCode.pm
2017.07.22 10:07:50 1: UPD FHEM/98_RandomTimer.pm
2017.07.22 10:07:50 1: UPD FHEM/98_STOCKQUOTES.pm
2017.07.22 10:07:50 1: UPD FHEM/98_SVG.pm
2017.07.22 10:07:50 1: UPD FHEM/98_THRESHOLD.pm
2017.07.22 10:07:50 1: UPD FHEM/98_TRAFFIC.pm
2017.07.22 10:07:50 1: UPD FHEM/98_Text2Speech.pm
2017.07.22 10:07:50 1: UPD FHEM/98_UbiquitiMP.pm
2017.07.22 10:07:50 1: UPD FHEM/98_Verkehrsinfo.pm
2017.07.22 10:07:50 1: UPD FHEM/98_WOL.pm
2017.07.22 10:07:50 1: UPD FHEM/98_WeekdayTimer.pm
2017.07.22 10:07:50 1: UPD FHEM/98_XmlList.pm
2017.07.22 10:07:50 1: UPD FHEM/98_alarmclock.pm
2017.07.22 10:07:50 1: UPD FHEM/98_apptime.pm
2017.07.22 10:07:50 1: UPD FHEM/98_archetype.pm
2017.07.22 10:07:50 1: UPD FHEM/98_autocreate.pm
2017.07.22 10:07:50 1: UPD FHEM/98_average.pm
2017.07.22 10:07:50 1: UPD FHEM/98_backup.pm
2017.07.22 10:07:50 1: UPD FHEM/98_cloneDummy.pm
2017.07.22 10:07:50 1: UPD FHEM/98_cmdalias.pm
2017.07.22 10:07:50 1: UPD FHEM/98_configdb.pm
2017.07.22 10:07:50 1: UPD FHEM/98_copy.pm
2017.07.22 10:07:50 1: UPD FHEM/98_count.pm
2017.07.22 10:07:50 1: UPD FHEM/98_deletefile.pm
2017.07.22 10:07:50 1: UPD FHEM/98_dummy.pm
2017.07.22 10:07:50 1: UPD FHEM/98_expandJSON.pm
2017.07.22 10:07:50 1: UPD FHEM/98_fhemdebug.pm
2017.07.22 10:07:51 1: UPD FHEM/98_fheminfo.pm
2017.07.22 10:07:51 1: UPD FHEM/98_help.pm
2017.07.22 10:07:51 1: UPD FHEM/98_logProxy.pm
2017.07.22 10:07:51 1: UPD FHEM/98_monitoring.pm
2017.07.22 10:07:51 1: UPD FHEM/98_notice.pm
2017.07.22 10:07:51 1: UPD FHEM/98_ping.pm
2017.07.22 10:07:51 1: UPD FHEM/98_powerMap.pm
2017.07.22 10:07:51 1: UPD FHEM/98_restore.pm
2017.07.22 10:07:51 1: UPD FHEM/98_rssFeed.pm
2017.07.22 10:07:51 1: UPD FHEM/98_statistics.pm
2017.07.22 10:07:51 1: UPD FHEM/98_structure.pm
2017.07.22 10:07:51 1: UPD FHEM/98_telnet.pm
2017.07.22 10:07:51 1: UPD FHEM/98_template.pm
2017.07.22 10:07:51 1: UPD FHEM/98_update.pm
2017.07.22 10:07:51 1: UPD FHEM/98_uptime.pm
2017.07.22 10:07:51 1: UPD FHEM/98_version.pm
2017.07.22 10:07:51 1: UPD FHEM/98_weblink.pm
2017.07.22 10:07:51 1: UPD FHEM/98_weekprofile.pm
2017.07.22 10:07:51 1: UPD FHEM/99_SUNRISE_EL.pm
2017.07.22 10:07:51 1: UPD FHEM/99_Utils.pm
2017.07.22 10:07:51 1: UPD FHEM/Blocking.pm
2017.07.22 10:07:51 1: UPD FHEM/Color.pm
2017.07.22 10:07:51 1: UPD FHEM/DevIo.pm
2017.07.22 10:07:51 1: UPD FHEM/FritzBoxUtils.pm
2017.07.22 10:07:51 1: UPD FHEM/HMCCUConf.pm
2017.07.22 10:07:51 1: UPD FHEM/HMConfig.pm
2017.07.22 10:07:51 1: UPD FHEM/HOMESTATEtk.pm
2017.07.22 10:07:52 1: UPD FHEM/HttpUtils.pm
2017.07.22 10:07:52 1: UPD FHEM/ONKYOdb.pm
2017.07.22 10:07:52 1: UPD FHEM/OWX_DS9097.pm
2017.07.22 10:07:52 1: UPD FHEM/RESIDENTStk.pm
2017.07.22 10:07:52 1: UPD FHEM/RTypes.pm
2017.07.22 10:07:52 1: UPD FHEM/SetExtensions.pm
2017.07.22 10:07:52 1: UPD FHEM/SubProcess.pm
2017.07.22 10:07:52 1: UPD FHEM/TcpServerUtils.pm
2017.07.22 10:07:52 1: UPD FHEM/TimeSeries.pm
2017.07.22 10:07:52 1: UPD FHEM/UConv.pm
2017.07.22 10:07:52 1: UPD FHEM/Unit.pm
2017.07.22 10:07:52 1: UPD FHEM/WMBus.pm
2017.07.22 10:07:52 1: UPD FHEM/YahooWeatherAPI.pm
2017.07.22 10:07:52 1: UPD FHEM/ZWLib.pm
2017.07.22 10:07:52 1: UPD FHEM/firmware/ArduCounter.hex
2017.07.22 10:07:52 1: UPD FHEM/firmware/JeeLink_LaCrosse.hex
2017.07.22 10:07:52 1: UPD FHEM/firmware/JeeLink_LaCrosseGateway.bin
2017.07.22 10:07:53 1: UPD FHEM/firmware/SIGNALduino_nano328.hex
2017.07.22 10:07:53 1: UPD FHEM/firmware/SIGNALduino_promini328.hex
2017.07.22 10:07:53 1: UPD FHEM/firmware/SIGNALduino_uno.hex
2017.07.22 10:07:53 1: UPD FHEM/firmware/esptool.py
2017.07.22 10:07:53 1: UPD FHEM/lib/74_AMADautomagicFlowset_2.6.12.xml
2017.07.22 10:07:53 1: UPD FHEM/lib/Device/MySensors/Constants.pm
2017.07.22 10:07:53 1: UPD FHEM/lib/SWAP/devices.xml
2017.07.22 10:07:53 1: UPD FHEM/lib/UPnP/Common.pm
2017.07.22 10:07:53 1: UPD FHEM/lib/UPnP/ControlPoint.pm
2017.07.22 10:07:53 1: UPD FHEM/lib/UPnP/sonos_bibliothek_quadratic.jpg
2017.07.22 10:07:53 1: UPD FHEM/lib/UPnP/sonos_bibliothek_round.png
2017.07.22 10:07:53 1: UPD FHEM/lib/UPnP/sonos_dock_quadratic.jpg
2017.07.22 10:07:53 1: UPD FHEM/lib/UPnP/sonos_dock_round.png
2017.07.22 10:07:53 1: UPD FHEM/lib/UPnP/sonos_leer.gif
2017.07.22 10:07:53 1: UPD FHEM/lib/UPnP/sonos_linein_quadratic.jpg
2017.07.22 10:07:53 1: UPD FHEM/lib/UPnP/sonos_linein_round.png
2017.07.22 10:07:53 1: UPD FHEM/lib/UPnP/sonos_playbar_quadratic.jpg
2017.07.22 10:07:53 1: UPD FHEM/lib/UPnP/sonos_playbar_round.png
2017.07.22 10:07:53 1: UPD FHEM/lib/UPnP/sonos_tunein_quadratic.jpg
2017.07.22 10:07:53 1: UPD FHEM/lib/UPnP/sonos_tunein_round.png
2017.07.22 10:07:53 1: UPD FHEM/lib/fhem_zwave_deviceconfig.xml.gz
2017.07.22 10:07:53 1: UPD FHEM/lib/openzwave_deviceconfig.xml.gz
2017.07.22 10:07:53 1: UPD FHEM/lib/openzwave_manufacturer_specific.xml
2017.07.22 10:07:53 1: UPD FHEM/lib/zwave_alliancelinks.csv.gz
2017.07.22 10:07:53 1: UPD FHEM/lib/zwave_pepperlinks.csv.gz
2017.07.22 10:07:54 1: UPD FHEM/msgSchema.pm
2017.07.22 10:07:54 1: UPD contrib/commandref_join.pl
2017.07.22 10:07:54 1: UPD contrib/commandref_modular.pl
2017.07.22 10:07:54 1: UPD docs/HOWTO.html
2017.07.22 10:07:54 1: UPD docs/HOWTO_DE.html
2017.07.22 10:07:54 1: UPD docs/Landis-Gyr-E350-meter.jpg
2017.07.22 10:07:54 1: UPD docs/commandref_frame.html
2017.07.22 10:07:54 1: UPD docs/commandref_frame_DE.html
2017.07.22 10:07:54 1: UPD www/codemirror/LICENSE
2017.07.22 10:07:54 1: UPD www/codemirror/autorefresh.js
2017.07.22 10:07:54 1: UPD www/codemirror/closebrackets.js
2017.07.22 10:07:54 1: UPD www/codemirror/codemirror.css
2017.07.22 10:07:54 1: UPD www/codemirror/codemirror.js
2017.07.22 10:07:54 1: UPD www/codemirror/comment.js
2017.07.22 10:07:54 1: UPD www/codemirror/css.js
2017.07.22 10:07:54 1: UPD www/codemirror/dialog.css
2017.07.22 10:07:54 1: UPD www/codemirror/dialog.js
2017.07.22 10:07:54 1: UPD www/codemirror/eclipse.css
2017.07.22 10:07:54 1: UPD www/codemirror/fhem.js
2017.07.22 10:07:54 1: UPD www/codemirror/fhem.js.unoptimized
2017.07.22 10:07:54 1: UPD www/codemirror/fhem_codemirror.js
2017.07.22 10:07:54 1: UPD www/codemirror/jump-to-line.js
2017.07.22 10:07:54 1: UPD www/codemirror/match-highlighter.js
2017.07.22 10:07:54 1: UPD www/codemirror/matchbrackets.js
2017.07.22 10:07:54 1: UPD www/codemirror/perl.js
2017.07.22 10:07:54 1: UPD www/codemirror/search.js
2017.07.22 10:07:54 1: UPD www/codemirror/searchcursor.js
2017.07.22 10:07:54 1: UPD www/codemirror/show-hint.css
2017.07.22 10:07:54 1: UPD www/codemirror/show-hint.js
2017.07.22 10:07:54 1: UPD www/codemirror/vim.js
2017.07.22 10:07:55 1: UPD www/codemirror/xml.js
2017.07.22 10:07:55 1: UPD www/gplot/EnO_A5-13-01.gplot
2017.07.22 10:07:55 1: UPD www/gplot/EnO_A5-13-07.gplot
2017.07.22 10:07:55 1: UPD www/gplot/EnO_A5-13-08.gplot
2017.07.22 10:07:55 1: UPD www/gplot/EnO_A5-20-01.gplot
2017.07.22 10:07:55 1: UPD www/gplot/EnO_A5-20-01_2.gplot
2017.07.22 10:07:55 1: UPD www/gplot/EnO_A5-20-04.gplot
2017.07.22 10:07:55 1: UPD www/gplot/EnO_A5-20-04_2.gplot
2017.07.22 10:07:55 1: UPD www/gplot/EnO_A5-20-04_3.gplot
2017.07.22 10:07:55 1: UPD www/gplot/EnO_D2-10-xx.gplot
2017.07.22 10:07:55 1: UPD www/gplot/EnO_D2-50-xx.gplot
2017.07.22 10:07:55 1: UPD www/gplot/EnO_D2-50-xx_2.gplot
2017.07.22 10:07:55 1: UPD www/gplot/EnO_temp4humi4.gplot
2017.07.22 10:07:55 1: UPD www/images/default/1_nuki.png
2017.07.22 10:07:55 1: UPD www/images/default/1_nuki_bridge.png
2017.07.22 10:07:55 1: UPD www/images/default/fhemicon.png
2017.07.22 10:07:55 1: UPD www/images/default/fhemicon_ios.png
2017.07.22 10:07:55 1: UPD www/images/default/fhemicon_smallscreen.png
2017.07.22 10:07:55 1: UPD www/images/default/remotecontrol/black_btn_BACKDroid.png
2017.07.22 10:07:55 1: UPD www/images/default/remotecontrol/black_btn_DLNA.png
2017.07.22 10:07:55 1: UPD www/images/default/remotecontrol/black_btn_HDMI_main.png
2017.07.22 10:07:55 1: UPD www/images/default/remotecontrol/black_btn_HDMI_sub.png
2017.07.22 10:07:55 1: UPD www/images/default/remotecontrol/black_btn_HOMEDroid.png
2017.07.22 10:07:55 1: UPD www/images/default/remotecontrol/black_btn_MENUDroid.png
2017.07.22 10:07:55 1: UPD www/images/default/remotecontrol/black_btn_PC.png
2017.07.22 10:07:55 1: UPD www/images/default/remotecontrol/black_btn_PLAYPAUSE.png
2017.07.22 10:07:55 1: UPD www/images/default/remotecontrol/black_btn_PS3Circle.png
2017.07.22 10:07:55 1: UPD www/images/default/remotecontrol/black_btn_PS3L1.png
2017.07.22 10:07:55 1: UPD www/images/default/remotecontrol/black_btn_PS3L2.png
2017.07.22 10:07:55 1: UPD www/images/default/remotecontrol/black_btn_PS3L3.png
2017.07.22 10:07:55 1: UPD www/images/default/remotecontrol/black_btn_PS3PS.png
2017.07.22 10:07:55 1: UPD www/images/default/remotecontrol/black_btn_PS3R1.png
2017.07.22 10:07:55 1: UPD www/images/default/remotecontrol/black_btn_PS3R2.png
2017.07.22 10:07:55 1: UPD www/images/default/remotecontrol/black_btn_PS3R3.png
2017.07.22 10:07:55 1: UPD www/images/default/remotecontrol/black_btn_PS3Rectangle.png
2017.07.22 10:07:55 1: UPD www/images/default/remotecontrol/black_btn_PS3Select.png
2017.07.22 10:07:55 1: UPD www/images/default/remotecontrol/black_btn_PS3Start.png
2017.07.22 10:07:55 1: UPD www/images/default/remotecontrol/black_btn_PS3Triangle.png
2017.07.22 10:07:55 1: UPD www/images/default/remotecontrol/black_btn_PS3X.png
2017.07.22 10:07:56 1: UPD www/images/default/remotecontrol/black_btn_UNMUTE.png
2017.07.22 10:07:56 1: UPD www/images/fhemSVG/Botvac_VR200.svg
2017.07.22 10:07:56 1: UPD www/images/fhemSVG/alexa.svg
2017.07.22 10:07:56 1: UPD www/images/fhemSVG/alexa2.svg
2017.07.22 10:07:56 1: UPD www/images/fhemSVG/checkbox_checked.svg
2017.07.22 10:07:56 1: UPD www/images/fhemSVG/checkbox_unchecked.svg
2017.07.22 10:07:56 1: UPD www/images/fhemSVG/clock.svg
2017.07.22 10:07:56 1: UPD www/images/fhemSVG/cul_wlan.svg
2017.07.22 10:07:56 1: UPD www/images/fhemSVG/fs20_S4A-2_1.svg
2017.07.22 10:07:56 1: UPD www/images/fhemSVG/fs20_S4A-2_2.svg
2017.07.22 10:07:56 1: UPD www/images/fhemSVG/fs20_S4A-2_3.svg
2017.07.22 10:07:56 1: UPD www/images/fhemSVG/fs20_S4A-2_4.svg
2017.07.22 10:07:56 1: UPD www/images/fhemSVG/fts_shutter_all.svg
2017.07.22 10:07:56 1: UPD www/images/fhemSVG/fts_shutter_alldown.svg
2017.07.22 10:07:56 1: UPD www/images/fhemSVG/fts_shutter_allup.svg
2017.07.22 10:07:56 1: UPD www/images/fhemSVG/fts_shutter_shadding_run.svg
2017.07.22 10:07:56 1: UPD www/images/fhemSVG/fts_shutter_shadding_stop.svg
2017.07.22 10:07:56 1: UPD www/images/fhemSVG/gasoline.svg
2017.07.22 10:07:56 1: UPD www/images/fhemSVG/helper_doif.svg
2017.07.22 10:07:56 1: UPD www/images/fhemSVG/helper_doiftools.svg
2017.07.22 10:07:56 1: UPD www/images/fhemSVG/hm-sec-win.svg
2017.07.22 10:07:56 1: UPD www/images/fhemSVG/hm_keymatic.svg
2017.07.22 10:07:56 1: UPD www/images/fhemSVG/hue_filled_aura.svg
2017.07.22 10:07:56 1: UPD www/images/fhemSVG/hue_filled_beyond_ceiling_pendant_table.svg
2017.07.22 10:07:56 1: UPD www/images/fhemSVG/hue_filled_bloom.svg
2017.07.22 10:07:56 1: UPD www/images/fhemSVG/hue_filled_br30.svg
2017.07.22 10:07:56 1: UPD www/images/fhemSVG/hue_filled_bridge_v1.svg
2017.07.22 10:07:56 1: UPD www/images/fhemSVG/hue_filled_bridge_v2.svg
2017.07.22 10:07:56 1: UPD www/images/fhemSVG/hue_filled_entity.svg
2017.07.22 10:07:56 1: UPD www/images/fhemSVG/hue_filled_go.svg
2017.07.22 10:07:56 1: UPD www/images/fhemSVG/hue_filled_gu10_par16.svg
2017.07.22 10:07:56 1: UPD www/images/fhemSVG/hue_filled_hds.svg
2017.07.22 10:07:56 1: UPD www/images/fhemSVG/hue_filled_impulse.svg
2017.07.22 10:07:56 1: UPD www/images/fhemSVG/hue_filled_iris.svg
2017.07.22 10:07:56 1: UPD www/images/fhemSVG/hue_filled_lightstrip.svg
2017.07.22 10:07:57 1: UPD www/images/fhemSVG/hue_filled_living_whites.svg
2017.07.22 10:07:57 1: UPD www/images/fhemSVG/hue_filled_outlet.svg
2017.07.22 10:07:57 1: UPD www/images/fhemSVG/hue_filled_phoenix_ceiling_pendant_table_wall.svg
2017.07.22 10:07:57 1: UPD www/images/fhemSVG/hue_filled_phoenix_recessed_spot.svg
2017.07.22 10:07:57 1: UPD www/images/fhemSVG/hue_filled_storylight.svg
2017.07.22 10:07:57 1: UPD www/images/fhemSVG/hue_filled_tap.svg
2017.07.22 10:07:57 1: UPD www/images/fhemSVG/hue_filled_white_and_color_e27_b22.svg
2017.07.22 10:07:57 1: UPD www/images/fhemSVG/hue_filled_white_e27_b22.svg
2017.07.22 10:07:57 1: UPD www/images/fhemSVG/hue_room_bathroom.svg
2017.07.22 10:07:57 1: UPD www/images/fhemSVG/hue_room_bedroom.svg
2017.07.22 10:07:57 1: UPD www/images/fhemSVG/hue_room_carport.svg
2017.07.22 10:07:57 1: UPD www/images/fhemSVG/hue_room_dining.svg
2017.07.22 10:07:57 1: UPD www/images/fhemSVG/hue_room_driveway.svg
2017.07.22 10:07:57 1: UPD www/images/fhemSVG/hue_room_frontdoor.svg
2017.07.22 10:07:57 1: UPD www/images/fhemSVG/hue_room_garage.svg
2017.07.22 10:07:57 1: UPD www/images/fhemSVG/hue_room_garden.svg
2017.07.22 10:07:57 1: UPD www/images/fhemSVG/hue_room_gym.svg
2017.07.22 10:07:57 1: UPD www/images/fhemSVG/hue_room_hallway.svg
2017.07.22 10:07:57 1: UPD www/images/fhemSVG/hue_room_kids_bedroom.svg
2017.07.22 10:07:57 1: UPD www/images/fhemSVG/hue_room_kitchen.svg
2017.07.22 10:07:57 1: UPD www/images/fhemSVG/hue_room_living.svg
2017.07.22 10:07:57 1: UPD www/images/fhemSVG/hue_room_nursery.svg
2017.07.22 10:07:57 1: UPD www/images/fhemSVG/hue_room_office.svg
2017.07.22 10:07:57 1: UPD www/images/fhemSVG/hue_room_other.svg
2017.07.22 10:07:57 1: UPD www/images/fhemSVG/hue_room_recreation.svg
2017.07.22 10:07:57 1: UPD www/images/fhemSVG/hue_room_terrace.svg
2017.07.22 10:07:57 1: UPD www/images/fhemSVG/hue_room_toilet.svg
2017.07.22 10:07:57 1: UPD www/images/fhemSVG/it_printer.svg
2017.07.22 10:07:57 1: UPD www/images/fhemSVG/kindle.svg
2017.07.22 10:07:57 1: UPD www/images/fhemSVG/markise_in.svg
2017.07.22 10:07:57 1: UPD www/images/fhemSVG/markise_out.svg
2017.07.22 10:07:57 1: UPD www/images/fhemSVG/radio_checked.svg
2017.07.22 10:07:57 1: UPD www/images/fhemSVG/radio_unchecked.svg
2017.07.22 10:07:57 1: UPD www/images/fhemSVG/rc_ASPECT.svg
2017.07.22 10:07:57 1: UPD www/images/fhemSVG/rc_BLANK2.svg
2017.07.22 10:07:57 1: UPD www/images/fhemSVG/rc_INFO2.svg
2017.07.22 10:07:57 1: UPD www/images/fhemSVG/rc_PROG.svg
2017.07.22 10:07:57 1: UPD www/images/fhemSVG/rc_TV2.svg
2017.07.22 10:07:57 1: UPD www/images/fhemSVG/rc_VIERA_LINK.svg
2017.07.22 10:07:57 1: UPD www/images/fhemSVG/rc_VIERA_TOOLS.svg
2017.07.22 10:07:57 1: UPD www/images/fhemSVG/rc_VOL.svg
2017.07.22 10:07:58 1: UPD www/images/fhemSVG/ring.svg
2017.07.22 10:07:58 1: UPD www/images/fhemSVG/wuerfel.svg
2017.07.22 10:07:58 1: UPD www/pgm2/alarm.js
2017.07.22 10:07:58 1: UPD www/pgm2/brightstyle.css
2017.07.22 10:07:58 1: UPD www/pgm2/console.js
2017.07.22 10:07:58 1: UPD www/pgm2/darkCommon.css
2017.07.22 10:07:58 1: UPD www/pgm2/darksmallscreenstyle.css
2017.07.22 10:07:58 1: UPD www/pgm2/darkstyle.css
2017.07.22 10:07:58 1: UPD www/pgm2/darksvg_defs.svg
2017.07.22 10:07:58 1: UPD www/pgm2/dashboard.js
2017.07.22 10:07:58 1: UPD www/pgm2/defaultCommon.css
2017.07.22 10:07:58 1: UPD www/pgm2/fhemdoc_modular.js
2017.07.22 10:07:58 1: UPD www/pgm2/fhemweb.js
2017.07.22 10:07:58 1: UPD www/pgm2/fhemweb_colorpicker.js
2017.07.22 10:07:58 1: UPD www/pgm2/fhemweb_fbcalllist.js
2017.07.22 10:07:58 1: UPD www/pgm2/fhemweb_readingsGroup.js
2017.07.22 10:07:58 1: UPD www/pgm2/fhemweb_readingsHistory.js
2017.07.22 10:07:58 1: UPD www/pgm2/fhemweb_sortable.js
2017.07.22 10:07:58 1: UPD www/pgm2/fhemweb_uzsu.js
2017.07.22 10:07:58 1: UPD www/pgm2/fhemweb_weekprofile.js
2017.07.22 10:07:58 1: UPD www/pgm2/ios6Common.css
2017.07.22 10:07:58 1: UPD www/pgm2/ios7Common.css
2017.07.22 10:07:58 1: UPD www/pgm2/ios7style.css
2017.07.22 10:07:58 1: UPD www/pgm2/jquery.vticker.min.js
2017.07.22 10:07:58 1: UPD www/pgm2/smallscreenstyle.css
2017.07.22 10:07:58 1: UPD www/pgm2/sorttable.js
2017.07.22 10:07:58 1: UPD www/pgm2/svg.js
2017.07.22 10:07:58 1: UPD www/pgm2/zwave_neighborlist.js
2017.07.22 10:07:58 1: 
2017.07.22 10:07:58 1: New entries in the CHANGED file:
2017.07.22 10:07:58 1:   - new:     70_NEUTRINO: new modul for neutrino sat receiver
2017.07.22 10:07:58 1:   - bugfix:  74_AMAD: Change Commandref
2017.07.22 10:07:58 1:   - change:  93_DbLog: V2.21.2, some improvements like get reading 'state' of
2017.07.22 10:07:58 1:                        state-events, timeout increased, change configCheck for 
2017.07.22 10:07:58 1:                        DbRep Report_Idx 
2017.07.22 10:07:58 1:   - new:     46_SmartPi: Support read data from  Smart Pi expansion module
2017.07.22 10:07:58 1:   - change:  93_DbRep: V5.6.1, commandref revised, minor fixes
2017.07.22 10:07:58 1:   - feature: 93_DbRep: V2.6.0, new get-command "procinfo" (MySQL), default 
2017.07.22 10:07:58 1:                        timeout changed to 86400
2017.07.22 10:07:58 1:   - bugfix:  93_DbRep: minor bugfixes (thanks to Omega)
2017.07.22 10:07:58 1:   - feature: 49_TBot_List: configure also add with attr confirmUnsolicited
2017.07.22 10:07:58 1:   - feature: 49_TBot_List: configure confirm delete  as attribute confirmDelete 
2017.07.22 10:07:58 1:   - changed: 98_fheminfo.pm: remove release, featurelevel, uptime infos
2017.07.22 10:07:58 1:   - added:   98_uptime.pm: new command module to show FHEM uptime
2017.07.22 10:07:58 1:   - change:  93_DbLog: V2.19.0, replace internal DBMODEL by MODEL completely
2017.07.22 10:07:58 1:   - update:  88_HMCCU: Version 4.1
2017.07.22 10:07:58 1:   - feature: 93_DbRep: V5.5.0, new command restoreMySQL, use new Internal
2017.07.22 10:07:58 1:              MODEL in DbLog since version 2.18.2
2017.07.22 10:07:58 1:   - feature: 98_fheminfo: do not show complete uniqueid in frontend
2017.07.22 10:07:58 1:   - feature: 77_UWZ: 1.6.0 add new attribut intervalAtWarnLevel for flexible
2017.07.22 10:07:58 1:                      warn timer
2017.07.22 10:07:58 1:   - feature: 10_FS20: add useSetExtensions attribute, default is 1
2017.07.22 10:07:58 1:   - feature: 82_LGTV_WebOS: Version 0.8.0, fix screenMsg Charset problem
2017.07.22 10:07:58 1:   - bugfix:  93_DbLog: V2.18.3, cannot load V2.18.2, new internal 'model'
2017.07.22 10:07:58 1:   - bugfix:  list: do not change the upper casing of hashes (Forum #73828)
2017.07.22 10:07:58 1:   - bugfix:  71_YAMAHA_NP: Prevent directPlay from starting netradio stream
2017.07.22 10:07:58 1: ... rest of lines skipped.
2017.07.22 10:07:58 1: Calling /usr/bin/perl ./contrib/commandref_join.pl, this may take a while
2017.07.22 10:08:02 1: 
2017.07.22 10:08:02 1: update finished, "shutdown restart" is needed to activate the changes.
2017.07.22 10:08:02 1: 
2017.07.22 10:08:02 1: Please consider using the global attribute sendStatistics
2017.07.22 10:08:02 1: nothing to do...
2017.07.22 10:08:09 0: Server shutdown
2017.07.22 10:09:12 1: Including fhem.cfg
2017.07.22 10:09:12 2: eventTypes: loaded 4 events from ./log/eventTypes.txt
2017.07.22 10:09:12 1: Including ./log/fhem.save
2017.07.22 10:09:12 1: usb create starting
2017.07.22 10:09:13 1: PERL WARNING: can't getattr: Input/output error at ./FHEM/DevIo.pm line 392.
2017.07.22 10:09:13 1: usb create end
2017.07.22 10:09:13 2: Error messages while initializing FHEM: configfile: testSwitch: unknown attribute genericDeviceType. Type 'attr testSwitch ?' for a detailed list.
2017.07.22 10:09:13 0: Featurelevel: 5.8
2017.07.22 10:09:13 0: Server started with 9 defined entities (fhem.pl:14634/2017-07-03 perl:5.020002 os:linux user:root pid:11)
