2017.03.21 16:45:42 1: Including fhem.cfg
2017.03.21 16:45:42 2: eventTypes: loaded 0 events from ./log/eventTypes.txt
2017.03.21 16:45:42 1: Including ./log/fhem.save
2017.03.21 16:45:42 1: configfile: testSwitch: unknown attribute genericDeviceType. Type 'attr testSwitch ?' for a detailed list.
2017.03.21 16:45:42 1: usb create starting
2017.03.21 16:45:42 1: usb create end
2017.03.21 16:45:42 2: Error messages while initializing FHEM: configfile: testSwitch: unknown attribute genericDeviceType. Type 'attr testSwitch ?' for a detailed list.
2017.03.21 16:45:42 0: Featurelevel: 5.7
2017.03.21 16:45:42 0: Server started with 9 defined entities (version $Id: fhem.pl 9893 2015-11-15 08:43:05Z rudolfkoenig $, os linux, user root, pid 8)
2017.03.21 16:46:49 1: MKDIR restoreDir/2017-03-21
2017.03.21 16:46:49 1: UPD ./CHANGED
2017.03.21 16:46:49 1: UPD ./configDB.pm
2017.03.21 16:46:49 1: UPD ./fhem.cfg.demo
2017.03.21 16:46:50 1: UPD ./fhem.pl
2017.03.21 16:46:50 1: UPD FHEM/00_CUL.pm
2017.03.21 16:46:50 1: UPD FHEM/00_FBAHA.pm
2017.03.21 16:46:50 1: UPD FHEM/00_FBAHAHTTP.pm
2017.03.21 16:46:50 1: UPD FHEM/00_FHZ.pm
2017.03.21 16:46:50 1: UPD FHEM/00_HMLAN.pm
2017.03.21 16:46:50 1: UPD FHEM/00_HMUARTLGW.pm
2017.03.21 16:46:50 1: UPD FHEM/00_KM271.pm
2017.03.21 16:46:50 1: UPD FHEM/00_LIRC.pm
2017.03.21 16:46:50 1: UPD FHEM/00_MAXLAN.pm
2017.03.21 16:46:50 1: UPD FHEM/00_MQTT.pm
2017.03.21 16:46:50 1: UPD FHEM/00_NetzerI2C.pm
2017.03.21 16:46:50 1: UPD FHEM/00_OWX.pm
2017.03.21 16:46:50 1: UPD FHEM/00_RPII2C.pm
2017.03.21 16:46:50 1: UPD FHEM/00_SIGNALduino.pm
2017.03.21 16:46:50 1: UPD FHEM/00_SONOS.pm
2017.03.21 16:46:51 1: UPD FHEM/00_TCM.pm
2017.03.21 16:46:51 1: UPD FHEM/00_THZ.pm
2017.03.21 16:46:51 1: UPD FHEM/00_TUL.pm
2017.03.21 16:46:51 1: UPD FHEM/00_ZWCUL.pm
2017.03.21 16:46:51 1: UPD FHEM/00_ZWDongle.pm
2017.03.21 16:46:51 1: UPD FHEM/01_FHEMWEB.pm
2017.03.21 16:46:51 1: UPD FHEM/02_FRAMEBUFFER.pm
2017.03.21 16:46:51 1: UPD FHEM/02_FTUISRV.pm
2017.03.21 16:46:51 1: UPD FHEM/02_HTTPSRV.pm
2017.03.21 16:46:51 1: UPD FHEM/02_RSS.pm
2017.03.21 16:46:51 1: UPD FHEM/09_CUL_FHTTK.pm
2017.03.21 16:46:51 1: UPD FHEM/10_CUL_HM.pm
2017.03.21 16:46:52 1: UPD FHEM/10_DUOFERNSTICK.pm
2017.03.21 16:46:52 1: UPD FHEM/10_EIB.pm
2017.03.21 16:46:52 1: UPD FHEM/10_EQ3BT.pm
2017.03.21 16:46:52 1: UPD FHEM/10_EnOcean.pm
2017.03.21 16:46:52 1: UPD FHEM/10_FBDECT.pm
2017.03.21 16:46:52 1: UPD FHEM/10_FRM.pm
2017.03.21 16:46:52 1: UPD FHEM/10_FS20.pm
2017.03.21 16:46:52 1: UPD FHEM/10_IT.pm
2017.03.21 16:46:52 1: UPD FHEM/10_Itach_IR.pm
2017.03.21 16:46:52 1: UPD FHEM/10_KNX.pm
2017.03.21 16:46:52 1: UPD FHEM/10_KOPP_FC.pm
2017.03.21 16:46:52 1: UPD FHEM/10_MAX.pm
2017.03.21 16:46:53 1: UPD FHEM/10_MQTT_BRIDGE.pm
2017.03.21 16:46:53 1: UPD FHEM/10_MQTT_DEVICE.pm
2017.03.21 16:46:53 1: UPD FHEM/10_MYSENSORS_DEVICE.pm
2017.03.21 16:46:53 1: UPD FHEM/10_OWServer.pm
2017.03.21 16:46:53 1: UPD FHEM/10_RESIDENTS.pm
2017.03.21 16:46:53 1: UPD FHEM/10_SOMFY.pm
2017.03.21 16:46:53 1: UPD FHEM/10_UNIRoll.pm
2017.03.21 16:46:53 1: UPD FHEM/10_ZWave.pm
2017.03.21 16:46:53 1: UPD FHEM/10_pilight_ctrl.pm
2017.03.21 16:46:53 1: UPD FHEM/11_FHT.pm
2017.03.21 16:46:53 1: UPD FHEM/11_FHT8V.pm
2017.03.21 16:46:53 1: UPD FHEM/11_OWDevice.pm
2017.03.21 16:46:53 1: UPD FHEM/12_HMS.pm
2017.03.21 16:46:53 1: UPD FHEM/13_KS300.pm
2017.03.21 16:46:53 1: UPD FHEM/14_CUL_MAX.pm
2017.03.21 16:46:53 1: UPD FHEM/14_CUL_REDIRECT.pm
2017.03.21 16:46:53 1: UPD FHEM/14_CUL_TCM97001.pm
2017.03.21 16:46:53 1: UPD FHEM/14_CUL_TX.pm
2017.03.21 16:46:53 1: UPD FHEM/14_CUL_WS.pm
2017.03.21 16:46:53 1: UPD FHEM/14_Hideki.pm
2017.03.21 16:46:54 1: UPD FHEM/14_SD_WS.pm
2017.03.21 16:46:54 1: UPD FHEM/14_SD_WS07.pm
2017.03.21 16:46:54 1: UPD FHEM/14_SD_WS09.pm
2017.03.21 16:46:54 1: UPD FHEM/14_SD_WS_Maverick.pm
2017.03.21 16:46:54 1: UPD FHEM/15_CUL_EM.pm
2017.03.21 16:46:54 1: UPD FHEM/16_CUL_RFR.pm
2017.03.21 16:46:54 1: UPD FHEM/16_STACKABLE_CC.pm
2017.03.21 16:46:54 1: UPD FHEM/17_EGPM2LAN.pm
2017.03.21 16:46:54 1: UPD FHEM/18_CUL_HOERMANN.pm
2017.03.21 16:46:54 1: UPD FHEM/19_VBUSIF.pm
2017.03.21 16:46:54 1: UPD FHEM/20_GUEST.pm
2017.03.21 16:46:54 1: UPD FHEM/20_N4HBUS.pm
2017.03.21 16:46:54 1: UPD FHEM/20_ROOMMATE.pm
2017.03.21 16:46:54 1: UPD FHEM/20_X10.pm
2017.03.21 16:46:54 1: UPD FHEM/21_N4HMODULE.pm
2017.03.21 16:46:54 1: UPD FHEM/21_OWAD.pm
2017.03.21 16:46:54 1: UPD FHEM/21_OWCOUNT.pm
2017.03.21 16:46:54 1: UPD FHEM/21_OWID.pm
2017.03.21 16:46:54 1: UPD FHEM/21_OWLCD.pm
2017.03.21 16:46:54 1: UPD FHEM/21_OWMULTI.pm
2017.03.21 16:46:54 1: UPD FHEM/21_OWSWITCH.pm
2017.03.21 16:46:55 1: UPD FHEM/21_OWTHERM.pm
2017.03.21 16:46:55 1: UPD FHEM/21_OWVAR.pm
2017.03.21 16:46:55 1: UPD FHEM/21_SONOSPLAYER.pm
2017.03.21 16:46:55 1: UPD FHEM/21_VBUSDEV.pm
2017.03.21 16:46:55 1: UPD FHEM/23_KOSTALPIKO.pm
2017.03.21 16:46:55 1: UPD FHEM/23_LUXTRONIK2.pm
2017.03.21 16:46:55 1: UPD FHEM/24_TPLinkHS110.pm
2017.03.21 16:46:55 1: UPD FHEM/26_KM273.pm
2017.03.21 16:46:55 1: UPD FHEM/26_tahoma.pm
2017.03.21 16:46:55 1: UPD FHEM/30_DUOFERN.pm
2017.03.21 16:46:55 1: UPD FHEM/30_HUEBridge.pm
2017.03.21 16:46:55 1: UPD FHEM/30_LIGHTIFY.pm
2017.03.21 16:46:55 1: UPD FHEM/30_MilightBridge.pm
2017.03.21 16:46:55 1: UPD FHEM/30_pilight_contact.pm
2017.03.21 16:46:56 1: UPD FHEM/30_pilight_dimmer.pm
2017.03.21 16:46:56 1: UPD FHEM/30_pilight_raw.pm
2017.03.21 16:46:56 1: UPD FHEM/30_pilight_smoke.pm
2017.03.21 16:46:56 1: UPD FHEM/30_pilight_switch.pm
2017.03.21 16:46:56 1: UPD FHEM/30_pilight_temp.pm
2017.03.21 16:46:56 1: UPD FHEM/31_HUEDevice.pm
2017.03.21 16:46:56 1: UPD FHEM/31_LightScene.pm
2017.03.21 16:46:56 1: UPD FHEM/31_MilightDevice.pm
2017.03.21 16:46:56 1: UPD FHEM/31_PLAYBULB.pm
2017.03.21 16:46:56 1: UPD FHEM/32_SYSSTAT.pm
2017.03.21 16:46:56 1: UPD FHEM/32_TechemHKV.pm
2017.03.21 16:46:56 1: UPD FHEM/32_TechemWZ.pm
2017.03.21 16:46:56 1: UPD FHEM/32_WifiLight.pm
2017.03.21 16:46:56 1: UPD FHEM/32_mailcheck.pm
2017.03.21 16:46:56 1: UPD FHEM/32_speedtest.pm
2017.03.21 16:46:56 1: UPD FHEM/32_withings.pm
2017.03.21 16:46:56 1: UPD FHEM/32_yowsup.pm
2017.03.21 16:46:56 1: UPD FHEM/33_readingsChange.pm
2017.03.21 16:46:57 1: UPD FHEM/33_readingsGroup.pm
2017.03.21 16:46:57 1: UPD FHEM/33_readingsHistory.pm
2017.03.21 16:46:57 1: UPD FHEM/33_readingsProxy.pm
2017.03.21 16:46:57 1: UPD FHEM/34_ESPEasy.pm
2017.03.21 16:46:57 1: UPD FHEM/34_SWAP.pm
2017.03.21 16:46:57 1: UPD FHEM/34_panStamp.pm
2017.03.21 16:46:57 1: UPD FHEM/35_SWAP_0000002200000003.pm
2017.03.21 16:46:57 1: UPD FHEM/35_SWAP_0000002200000008.pm
2017.03.21 16:46:57 1: UPD FHEM/36_EC3000.pm
2017.03.21 16:46:57 1: UPD FHEM/36_EMT7110.pm
2017.03.21 16:46:57 1: UPD FHEM/36_EleroDrive.pm
2017.03.21 16:46:57 1: UPD FHEM/36_EleroStick.pm
2017.03.21 16:46:57 1: UPD FHEM/36_JeeLink.pm
2017.03.21 16:46:57 1: UPD FHEM/36_KeyValueProtocol.pm
2017.03.21 16:46:57 1: UPD FHEM/36_LaCrosse.pm
2017.03.21 16:46:57 1: UPD FHEM/36_LaCrosseGateway.pm
2017.03.21 16:46:57 1: UPD FHEM/36_Level.pm
2017.03.21 16:46:57 1: UPD FHEM/36_PCA301.pm
2017.03.21 16:46:57 1: UPD FHEM/36_WMBUS.pm
2017.03.21 16:46:57 1: UPD FHEM/37_dash_dhcp.pm
2017.03.21 16:46:57 1: UPD FHEM/37_fakeRoku.pm
2017.03.21 16:46:57 1: UPD FHEM/37_harmony.pm
2017.03.21 16:46:57 1: UPD FHEM/37_plex.pm
2017.03.21 16:46:58 1: UPD FHEM/38_CO20.pm
2017.03.21 16:46:58 1: UPD FHEM/38_JawboneUp.pm
2017.03.21 16:46:58 1: UPD FHEM/38_netatmo.pm
2017.03.21 16:46:58 1: UPD FHEM/39_alexa.pm
2017.03.21 16:46:58 1: UPD FHEM/39_siri.pm
2017.03.21 16:46:58 1: UPD FHEM/40_RFXCOM.pm
2017.03.21 16:46:58 1: UPD FHEM/41_OREGON.pm
2017.03.21 16:46:58 1: UPD FHEM/42_Nextion.pm
2017.03.21 16:46:58 1: UPD FHEM/42_SYSMON.pm
2017.03.21 16:46:58 1: UPD FHEM/44_S7.pm
2017.03.21 16:46:58 1: UPD FHEM/44_S7_ARead.pm
2017.03.21 16:46:58 1: UPD FHEM/44_S7_AWrite.pm
2017.03.21 16:46:58 1: UPD FHEM/44_S7_Client.pm
2017.03.21 16:46:58 1: UPD FHEM/44_S7_DRead.pm
2017.03.21 16:46:58 1: UPD FHEM/44_S7_DWrite.pm
2017.03.21 16:46:58 1: UPD FHEM/44_S7_S5Client.pm
2017.03.21 16:46:58 1: UPD FHEM/44_S7_S7Client.pm
2017.03.21 16:46:58 1: UPD FHEM/44_TEK603.pm
2017.03.21 16:46:58 1: UPD FHEM/45_Plugwise.pm
2017.03.21 16:46:59 1: UPD FHEM/45_TRX.pm
2017.03.21 16:46:59 1: UPD FHEM/46_PW_Circle.pm
2017.03.21 16:46:59 1: UPD FHEM/46_PW_Scan.pm
2017.03.21 16:46:59 1: UPD FHEM/46_PW_Sense.pm
2017.03.21 16:46:59 1: UPD FHEM/46_PW_Switch.pm
2017.03.21 16:46:59 1: UPD FHEM/46_TRX_ELSE.pm
2017.03.21 16:46:59 1: UPD FHEM/46_TRX_LIGHT.pm
2017.03.21 16:46:59 1: UPD FHEM/46_TRX_SECURITY.pm
2017.03.21 16:46:59 1: UPD FHEM/46_TRX_WEATHER.pm
2017.03.21 16:46:59 1: UPD FHEM/47_OBIS.pm
2017.03.21 16:46:59 1: UPD FHEM/49_SSCam.pm
2017.03.21 16:46:59 1: UPD FHEM/49_TBot_List.pm
2017.03.21 16:46:59 1: UPD FHEM/50_HP1000.pm
2017.03.21 16:46:59 1: UPD FHEM/50_TelegramBot.pm
2017.03.21 16:46:59 1: UPD FHEM/51_I2C_BH1750.pm
2017.03.21 16:46:59 1: UPD FHEM/51_I2C_BMP180.pm
2017.03.21 16:46:59 1: UPD FHEM/51_I2C_TSL2561.pm
2017.03.21 16:46:59 1: UPD FHEM/51_Netzer.pm
2017.03.21 16:47:00 1: UPD FHEM/51_RPI_GPIO.pm
2017.03.21 16:47:00 1: UPD FHEM/52_I2C_BME280.pm
2017.03.21 16:47:00 1: UPD FHEM/52_I2C_EEPROM.pm
2017.03.21 16:47:00 1: UPD FHEM/52_I2C_HDC1008.pm
2017.03.21 16:47:00 1: UPD FHEM/52_I2C_K30.pm
2017.03.21 16:47:00 1: UPD FHEM/52_I2C_MCP23008.pm
2017.03.21 16:47:00 1: UPD FHEM/52_I2C_MCP23017.pm
2017.03.21 16:47:00 1: UPD FHEM/52_I2C_MCP342x.pm
2017.03.21 16:47:00 1: UPD FHEM/52_I2C_MMA845X.pm
2017.03.21 16:47:00 1: UPD FHEM/52_I2C_PCA9532.pm
2017.03.21 16:47:00 1: UPD FHEM/52_I2C_PCA9685.pm
2017.03.21 16:47:00 1: UPD FHEM/52_I2C_PCF8574.pm
2017.03.21 16:47:00 1: UPD FHEM/52_I2C_SHT21.pm
2017.03.21 16:47:00 1: UPD FHEM/52_I2C_SHT3x.pm
2017.03.21 16:47:00 1: UPD FHEM/53_GHoma.pm
2017.03.21 16:47:00 1: UPD FHEM/55_InfoPanel.pm
2017.03.21 16:47:00 1: UPD FHEM/55_PIFACE.pm
2017.03.21 16:47:00 1: UPD FHEM/57_CALVIEW.pm
2017.03.21 16:47:00 1: UPD FHEM/57_Calendar.pm
2017.03.21 16:47:00 1: UPD FHEM/59_OPENWEATHER.pm
2017.03.21 16:47:00 1: UPD FHEM/59_PROPLANTA.pm
2017.03.21 16:47:01 1: UPD FHEM/59_Twilight.pm
2017.03.21 16:47:01 1: UPD FHEM/59_Weather.pm
2017.03.21 16:47:01 1: UPD FHEM/59_Wunderground.pm
2017.03.21 16:47:01 1: UPD FHEM/60_EM.pm
2017.03.21 16:47:01 1: UPD FHEM/60_allergy.pm
2017.03.21 16:47:01 1: UPD FHEM/61_EMWZ.pm
2017.03.21 16:47:01 1: UPD FHEM/62_EMEM.pm
2017.03.21 16:47:01 1: UPD FHEM/63_EMGZ.pm
2017.03.21 16:47:01 1: UPD FHEM/66_ECMD.pm
2017.03.21 16:47:01 1: UPD FHEM/67_ECMDDevice.pm
2017.03.21 16:47:01 1: UPD FHEM/70_BRAVIA.pm
2017.03.21 16:47:01 1: UPD FHEM/70_ENIGMA2.pm
2017.03.21 16:47:01 1: UPD FHEM/70_JSONMETER.pm
2017.03.21 16:47:01 1: UPD FHEM/70_Jabber.pm
2017.03.21 16:47:01 1: UPD FHEM/70_KODI.pm
2017.03.21 16:47:01 1: UPD FHEM/70_MEDIAPORTAL.pm
2017.03.21 16:47:01 1: UPD FHEM/70_ONKYO_AVR.pm
2017.03.21 16:47:02 1: UPD FHEM/70_PHTV.pm
2017.03.21 16:47:02 1: UPD FHEM/70_PIONEERAVR.pm
2017.03.21 16:47:02 1: UPD FHEM/70_PushNotifier.pm
2017.03.21 16:47:02 1: UPD FHEM/70_Pushalot.pm
2017.03.21 16:47:02 1: UPD FHEM/70_Pushover.pm
2017.03.21 16:47:02 1: UPD FHEM/70_Pushsafer.pm
2017.03.21 16:47:02 1: UPD FHEM/70_SML.pm
2017.03.21 16:47:02 1: UPD FHEM/70_STV.pm
2017.03.21 16:47:02 1: UPD FHEM/70_TellStick.pm
2017.03.21 16:47:02 1: UPD FHEM/70_VIERA.pm
2017.03.21 16:47:02 1: UPD FHEM/70_VolumeLink.pm
2017.03.21 16:47:02 1: UPD FHEM/70_WS3600.pm
2017.03.21 16:47:02 1: UPD FHEM/70_XBMC.pm
2017.03.21 16:47:02 1: UPD FHEM/71_ONKYO_AVR_ZONE.pm
2017.03.21 16:47:02 1: UPD FHEM/71_PHILIPS_AUDIO.pm
2017.03.21 16:47:02 1: UPD FHEM/71_YAMAHA_AVR.pm
2017.03.21 16:47:02 1: UPD FHEM/71_YAMAHA_BD.pm
2017.03.21 16:47:03 1: UPD FHEM/71_YAMAHA_NP.pm
2017.03.21 16:47:03 1: UPD FHEM/72_FB_CALLLIST.pm
2017.03.21 16:47:03 1: UPD FHEM/72_FB_CALLMONITOR.pm
2017.03.21 16:47:03 1: UPD FHEM/72_FRITZBOX.pm
2017.03.21 16:47:03 1: UPD FHEM/73_ElectricityCalculator.pm
2017.03.21 16:47:03 1: UPD FHEM/73_GasCalculator.pm
2017.03.21 16:47:03 1: UPD FHEM/73_MPD.pm
2017.03.21 16:47:03 1: UPD FHEM/73_NUKIBridge.pm
2017.03.21 16:47:03 1: UPD FHEM/73_PRESENCE.pm
2017.03.21 16:47:03 1: UPD FHEM/73_km200.pm
2017.03.21 16:47:03 1: UPD FHEM/74_AMAD.pm
2017.03.21 16:47:03 1: UPD FHEM/74_HOMBOT.pm
2017.03.21 16:47:03 1: UPD FHEM/74_NUKIDevice.pm
2017.03.21 16:47:03 1: UPD FHEM/74_THINKINGCLEANER.pm
2017.03.21 16:47:04 1: UPD FHEM/74_Unifi.pm
2017.03.21 16:47:04 1: UPD FHEM/74_XiaomiFlowerSens.pm
2017.03.21 16:47:04 1: UPD FHEM/75_MSG.pm
2017.03.21 16:47:04 1: UPD FHEM/75_msgConfig.pm
2017.03.21 16:47:04 1: UPD FHEM/76_MSGFile.pm
2017.03.21 16:47:04 1: UPD FHEM/76_MSGMail.pm
2017.03.21 16:47:04 1: UPD FHEM/76_SMAInverter.pm
2017.03.21 16:47:04 1: UPD FHEM/77_SMAEM.pm
2017.03.21 16:47:04 1: UPD FHEM/77_SMASTP.pm
2017.03.21 16:47:04 1: UPD FHEM/77_UWZ.pm
2017.03.21 16:47:04 1: UPD FHEM/79_BDKM.pm
2017.03.21 16:47:04 1: UPD FHEM/82_LGTV_IP12.pm
2017.03.21 16:47:04 1: UPD FHEM/82_LGTV_WebOS.pm
2017.03.21 16:47:04 1: UPD FHEM/86_Robonect.pm
2017.03.21 16:47:04 1: UPD FHEM/88_HMCCU.pm
2017.03.21 16:47:04 1: UPD FHEM/88_HMCCUCHN.pm
2017.03.21 16:47:04 1: UPD FHEM/88_HMCCUDEV.pm
2017.03.21 16:47:05 1: UPD FHEM/88_Itach_IRDevice.pm
2017.03.21 16:47:05 1: UPD FHEM/89_HEATRONIC.pm
2017.03.21 16:47:05 1: UPD FHEM/89_VCONTROL.pm
2017.03.21 16:47:05 1: UPD FHEM/90_SIGNALduino_un.pm
2017.03.21 16:47:05 1: UPD FHEM/90_at.pm
2017.03.21 16:47:05 1: UPD FHEM/91_eventTypes.pm
2017.03.21 16:47:05 1: UPD FHEM/91_notify.pm
2017.03.21 16:47:05 1: UPD FHEM/91_sequence.pm
2017.03.21 16:47:05 1: UPD FHEM/91_watchdog.pm
2017.03.21 16:47:05 1: UPD FHEM/92_FileLog.pm
2017.03.21 16:47:05 1: UPD FHEM/92_SingleFileLog.pm
2017.03.21 16:47:05 1: UPD FHEM/93_DbLog.pm
2017.03.21 16:47:05 1: UPD FHEM/93_DbRep.pm
2017.03.21 16:47:05 1: UPD FHEM/93_FHEM2FHEM.pm
2017.03.21 16:47:05 1: UPD FHEM/93_PWMR.pm
2017.03.21 16:47:05 1: UPD FHEM/94_PWM.pm
2017.03.21 16:47:05 1: UPD FHEM/95_Alarm.pm
2017.03.21 16:47:06 1: UPD FHEM/95_Dashboard.pm
2017.03.21 16:47:06 1: UPD FHEM/95_FLOORPLAN.pm
2017.03.21 16:47:06 1: UPD FHEM/95_PostMe.pm
2017.03.21 16:47:06 1: UPD FHEM/95_holiday.pm
2017.03.21 16:47:06 1: UPD FHEM/95_remotecontrol.pm
2017.03.21 16:47:06 1: UPD FHEM/96_SIP.pm
2017.03.21 16:47:06 1: UPD FHEM/96_Snapcast.pm
2017.03.21 16:47:06 1: UPD FHEM/96_allowed.pm
2017.03.21 16:47:06 1: UPD FHEM/97_TrashCal.pm
2017.03.21 16:47:06 1: UPD FHEM/98_ArduCounter.pm
2017.03.21 16:47:06 1: UPD FHEM/98_BOSEST.pm
2017.03.21 16:47:06 1: UPD FHEM/98_CULflash.pm
2017.03.21 16:47:06 1: UPD FHEM/98_ComfoAir.pm
2017.03.21 16:47:06 1: UPD FHEM/98_CustomReadings.pm
2017.03.21 16:47:06 1: UPD FHEM/98_DLNARenderer.pm
2017.03.21 16:47:06 1: UPD FHEM/98_DOIF.pm
2017.03.21 16:47:06 1: UPD FHEM/98_DOIFtools.pm
2017.03.21 16:47:06 1: UPD FHEM/98_Dooya.pm
2017.03.21 16:47:07 1: UPD FHEM/98_EDIPLUG.pm
2017.03.21 16:47:07 1: UPD FHEM/98_FReplacer.pm
2017.03.21 16:47:07 1: UPD FHEM/98_GAEBUS.pm
2017.03.21 16:47:07 1: UPD FHEM/98_GEOFANCY.pm
2017.03.21 16:47:07 1: UPD FHEM/98_GoogleAuth.pm
2017.03.21 16:47:07 1: UPD FHEM/98_HMinfo.pm
2017.03.21 16:47:07 1: UPD FHEM/98_HMtemplate.pm
2017.03.21 16:47:07 1: UPD FHEM/98_HTTPMOD.pm
2017.03.21 16:47:07 1: UPD FHEM/98_Heating_Control.pm
2017.03.21 16:47:07 1: UPD FHEM/98_HourCounter.pm
2017.03.21 16:47:07 1: UPD FHEM/98_Hyperion.pm
2017.03.21 16:47:07 1: UPD FHEM/98_IF.pm
2017.03.21 16:47:07 1: UPD FHEM/98_JsonList.pm
2017.03.21 16:47:07 1: UPD FHEM/98_JsonList2.pm
2017.03.21 16:47:07 1: UPD FHEM/98_MaxScanner.pm
2017.03.21 16:47:07 1: UPD FHEM/98_MediaList.pm
2017.03.21 16:47:07 1: UPD FHEM/98_Modbus.pm
2017.03.21 16:47:08 1: UPD FHEM/98_ModbusAttr.pm
2017.03.21 16:47:08 1: UPD FHEM/98_ModbusSET.pm
2017.03.21 16:47:08 1: UPD FHEM/98_ModbusTrovis5576.pm
2017.03.21 16:47:08 1: UPD FHEM/98_PID20.pm
2017.03.21 16:47:08 1: UPD FHEM/98_QRCode.pm
2017.03.21 16:47:08 1: UPD FHEM/98_RandomTimer.pm
2017.03.21 16:47:08 1: UPD FHEM/98_STOCKQUOTES.pm
2017.03.21 16:47:08 1: UPD FHEM/98_SVG.pm
2017.03.21 16:47:08 1: UPD FHEM/98_TRAFFIC.pm
2017.03.21 16:47:08 1: UPD FHEM/98_Text2Speech.pm
2017.03.21 16:47:08 1: UPD FHEM/98_Verkehrsinfo.pm
2017.03.21 16:47:08 1: UPD FHEM/98_WOL.pm
2017.03.21 16:47:08 1: UPD FHEM/98_WeekdayTimer.pm
2017.03.21 16:47:08 1: UPD FHEM/98_XmlList.pm
2017.03.21 16:47:08 1: UPD FHEM/98_apptime.pm
2017.03.21 16:47:08 1: UPD FHEM/98_autocreate.pm
2017.03.21 16:47:08 1: UPD FHEM/98_average.pm
2017.03.21 16:47:08 1: UPD FHEM/98_backup.pm
2017.03.21 16:47:08 1: UPD FHEM/98_cloneDummy.pm
2017.03.21 16:47:08 1: UPD FHEM/98_cmdalias.pm
2017.03.21 16:47:08 1: UPD FHEM/98_configdb.pm
2017.03.21 16:47:08 1: UPD FHEM/98_copy.pm
2017.03.21 16:47:09 1: UPD FHEM/98_count.pm
2017.03.21 16:47:09 1: UPD FHEM/98_deletefile.pm
2017.03.21 16:47:09 1: UPD FHEM/98_dummy.pm
2017.03.21 16:47:09 1: UPD FHEM/98_expandJSON.pm
2017.03.21 16:47:09 1: UPD FHEM/98_fhemdebug.pm
2017.03.21 16:47:09 1: UPD FHEM/98_fheminfo.pm
2017.03.21 16:47:09 1: UPD FHEM/98_help.pm
2017.03.21 16:47:09 1: UPD FHEM/98_logProxy.pm
2017.03.21 16:47:09 1: UPD FHEM/98_monitoring.pm
2017.03.21 16:47:09 1: UPD FHEM/98_notice.pm
2017.03.21 16:47:09 1: UPD FHEM/98_ping.pm
2017.03.21 16:47:09 1: UPD FHEM/98_powerMap.pm
2017.03.21 16:47:09 1: UPD FHEM/98_restore.pm
2017.03.21 16:47:09 1: UPD FHEM/98_rssFeed.pm
2017.03.21 16:47:09 1: UPD FHEM/98_statistics.pm
2017.03.21 16:47:09 1: UPD FHEM/98_structure.pm
2017.03.21 16:47:09 1: UPD FHEM/98_telnet.pm
2017.03.21 16:47:09 1: UPD FHEM/98_template.pm
2017.03.21 16:47:09 1: UPD FHEM/98_update.pm
2017.03.21 16:47:09 1: UPD FHEM/98_version.pm
2017.03.21 16:47:09 1: UPD FHEM/98_weblink.pm
2017.03.21 16:47:09 1: UPD FHEM/98_weekprofile.pm
2017.03.21 16:47:09 1: UPD FHEM/99_SUNRISE_EL.pm
2017.03.21 16:47:09 1: UPD FHEM/99_Utils.pm
2017.03.21 16:47:10 1: UPD FHEM/Blocking.pm
2017.03.21 16:47:10 1: UPD FHEM/Color.pm
2017.03.21 16:47:10 1: UPD FHEM/DevIo.pm
2017.03.21 16:47:10 1: UPD FHEM/HMCCUConf.pm
2017.03.21 16:47:10 1: UPD FHEM/HMConfig.pm
2017.03.21 16:47:10 1: UPD FHEM/HttpUtils.pm
2017.03.21 16:47:10 1: UPD FHEM/ONKYOdb.pm
2017.03.21 16:47:10 1: UPD FHEM/OWX_DS9097.pm
2017.03.21 16:47:10 1: UPD FHEM/RESIDENTStk.pm
2017.03.21 16:47:10 1: UPD FHEM/RTypes.pm
2017.03.21 16:47:10 1: UPD FHEM/SetExtensions.pm
2017.03.21 16:47:10 1: UPD FHEM/SubProcess.pm
2017.03.21 16:47:10 1: UPD FHEM/TcpServerUtils.pm
2017.03.21 16:47:10 1: UPD FHEM/TimeSeries.pm
2017.03.21 16:47:10 1: UPD FHEM/UConv.pm
2017.03.21 16:47:10 1: UPD FHEM/Unit.pm
2017.03.21 16:47:10 1: UPD FHEM/WMBus.pm
2017.03.21 16:47:11 1: UPD FHEM/YahooWeatherAPI.pm
2017.03.21 16:47:11 1: UPD FHEM/ZWLib.pm
2017.03.21 16:47:11 1: UPD FHEM/firmware/ArduCounter.hex
2017.03.21 16:47:11 1: UPD FHEM/firmware/JeeLink_LaCrosse.hex
2017.03.21 16:47:11 1: UPD FHEM/firmware/JeeLink_LaCrosseGateway.bin
2017.03.21 16:47:11 1: UPD FHEM/firmware/SIGNALduino_nano328.hex
2017.03.21 16:47:11 1: UPD FHEM/firmware/SIGNALduino_promini328.hex
2017.03.21 16:47:11 1: UPD FHEM/firmware/SIGNALduino_uno.hex
2017.03.21 16:47:11 1: UPD FHEM/firmware/esptool.py
2017.03.21 16:47:11 1: UPD FHEM/lib/74_AMADautomagicFlowset_2.6.12.xml
2017.03.21 16:47:11 1: UPD FHEM/lib/Device/MySensors/Constants.pm
2017.03.21 16:47:11 1: UPD FHEM/lib/SWAP/devices.xml
2017.03.21 16:47:11 1: UPD FHEM/lib/UPnP/Common.pm
2017.03.21 16:47:11 1: UPD FHEM/lib/UPnP/ControlPoint.pm
2017.03.21 16:47:12 1: UPD FHEM/lib/fhem_zwave_deviceconfig.xml.gz
2017.03.21 16:47:12 1: UPD FHEM/lib/openzwave_deviceconfig.xml.gz
2017.03.21 16:47:12 1: UPD FHEM/lib/openzwave_manufacturer_specific.xml
2017.03.21 16:47:12 1: UPD FHEM/lib/zwave_alliancelinks.csv.gz
2017.03.21 16:47:12 1: UPD FHEM/lib/zwave_pepperlinks.csv.gz
2017.03.21 16:47:12 1: UPD FHEM/msgSchema.pm
2017.03.21 16:47:12 1: UPD contrib/commandref_join.pl
2017.03.21 16:47:12 1: UPD contrib/commandref_modular.pl
2017.03.21 16:47:12 1: UPD docs/HOWTO.html
2017.03.21 16:47:12 1: UPD docs/HOWTO_DE.html
2017.03.21 16:47:12 1: UPD docs/commandref_frame.html
2017.03.21 16:47:12 1: UPD docs/commandref_frame_DE.html
2017.03.21 16:47:12 1: UPD www/codemirror/LICENSE
2017.03.21 16:47:12 1: UPD www/codemirror/autorefresh.js
2017.03.21 16:47:12 1: UPD www/codemirror/closebrackets.js
2017.03.21 16:47:12 1: UPD www/codemirror/codemirror.css
2017.03.21 16:47:12 1: UPD www/codemirror/codemirror.js
2017.03.21 16:47:12 1: UPD www/codemirror/comment.js
2017.03.21 16:47:13 1: UPD www/codemirror/css.js
2017.03.21 16:47:13 1: UPD www/codemirror/dialog.css
2017.03.21 16:47:13 1: UPD www/codemirror/dialog.js
2017.03.21 16:47:13 1: UPD www/codemirror/eclipse.css
2017.03.21 16:47:13 1: UPD www/codemirror/fhem.js
2017.03.21 16:47:13 1: UPD www/codemirror/fhem.js.unoptimized
2017.03.21 16:47:13 1: UPD www/codemirror/fhem_codemirror.js
2017.03.21 16:47:13 1: UPD www/codemirror/jump-to-line.js
2017.03.21 16:47:13 1: UPD www/codemirror/match-highlighter.js
2017.03.21 16:47:13 1: UPD www/codemirror/matchbrackets.js
2017.03.21 16:47:13 1: UPD www/codemirror/perl.js
2017.03.21 16:47:13 1: UPD www/codemirror/search.js
2017.03.21 16:47:13 1: UPD www/codemirror/searchcursor.js
2017.03.21 16:47:13 1: UPD www/codemirror/show-hint.css
2017.03.21 16:47:13 1: UPD www/codemirror/show-hint.js
2017.03.21 16:47:13 1: UPD www/codemirror/vim.js
2017.03.21 16:47:13 1: UPD www/codemirror/xml.js
2017.03.21 16:47:13 1: UPD www/gplot/EnO_A5-13-01.gplot
2017.03.21 16:47:13 1: UPD www/gplot/EnO_A5-13-07.gplot
2017.03.21 16:47:13 1: UPD www/gplot/EnO_A5-13-08.gplot
2017.03.21 16:47:13 1: UPD www/gplot/EnO_A5-20-01.gplot
2017.03.21 16:47:13 1: UPD www/gplot/EnO_A5-20-01_2.gplot
2017.03.21 16:47:13 1: UPD www/gplot/EnO_A5-20-04.gplot
2017.03.21 16:47:13 1: UPD www/gplot/EnO_A5-20-04_2.gplot
2017.03.21 16:47:13 1: UPD www/gplot/EnO_A5-20-04_3.gplot
2017.03.21 16:47:13 1: UPD www/gplot/EnO_D2-10-xx.gplot
2017.03.21 16:47:13 1: UPD www/gplot/EnO_D2-50-xx.gplot
2017.03.21 16:47:13 1: UPD www/gplot/EnO_D2-50-xx_2.gplot
2017.03.21 16:47:14 1: UPD www/gplot/EnO_temp4humi4.gplot
2017.03.21 16:47:14 1: UPD www/images/default/fhemicon.png
2017.03.21 16:47:14 1: UPD www/images/default/fhemicon_ios.png
2017.03.21 16:47:14 1: UPD www/images/default/fhemicon_smallscreen.png
2017.03.21 16:47:14 1: UPD www/images/default/remotecontrol/black_btn_BACKDroid.png
2017.03.21 16:47:14 1: UPD www/images/default/remotecontrol/black_btn_HOMEDroid.png
2017.03.21 16:47:14 1: UPD www/images/default/remotecontrol/black_btn_MENUDroid.png
2017.03.21 16:47:14 1: UPD www/images/default/remotecontrol/black_btn_PLAYPAUSE.png
2017.03.21 16:47:14 1: UPD www/images/default/remotecontrol/black_btn_PS3Circle.png
2017.03.21 16:47:14 1: UPD www/images/default/remotecontrol/black_btn_PS3L1.png
2017.03.21 16:47:14 1: UPD www/images/default/remotecontrol/black_btn_PS3L2.png
2017.03.21 16:47:14 1: UPD www/images/default/remotecontrol/black_btn_PS3L3.png
2017.03.21 16:47:14 1: UPD www/images/default/remotecontrol/black_btn_PS3PS.png
2017.03.21 16:47:14 1: UPD www/images/default/remotecontrol/black_btn_PS3R1.png
2017.03.21 16:47:14 1: UPD www/images/default/remotecontrol/black_btn_PS3R2.png
2017.03.21 16:47:14 1: UPD www/images/default/remotecontrol/black_btn_PS3R3.png
2017.03.21 16:47:14 1: UPD www/images/default/remotecontrol/black_btn_PS3Rectangle.png
2017.03.21 16:47:14 1: UPD www/images/default/remotecontrol/black_btn_PS3Select.png
2017.03.21 16:47:14 1: UPD www/images/default/remotecontrol/black_btn_PS3Start.png
2017.03.21 16:47:14 1: UPD www/images/default/remotecontrol/black_btn_PS3Triangle.png
2017.03.21 16:47:14 1: UPD www/images/default/remotecontrol/black_btn_PS3X.png
2017.03.21 16:47:14 1: UPD www/images/default/remotecontrol/black_btn_UNMUTE.png
2017.03.21 16:47:14 1: UPD www/images/fhemSVG/Botvac_VR200.svg
2017.03.21 16:47:14 1: UPD www/images/fhemSVG/alexa.svg
2017.03.21 16:47:14 1: UPD www/images/fhemSVG/alexa2.svg
2017.03.21 16:47:14 1: UPD www/images/fhemSVG/checkbox_checked.svg
2017.03.21 16:47:14 1: UPD www/images/fhemSVG/checkbox_unchecked.svg
2017.03.21 16:47:14 1: UPD www/images/fhemSVG/clock.svg
2017.03.21 16:47:14 1: UPD www/images/fhemSVG/cul_wlan.svg
2017.03.21 16:47:14 1: UPD www/images/fhemSVG/fs20_S4A-2_1.svg
2017.03.21 16:47:15 1: UPD www/images/fhemSVG/fs20_S4A-2_2.svg
2017.03.21 16:47:15 1: UPD www/images/fhemSVG/fs20_S4A-2_3.svg
2017.03.21 16:47:15 1: UPD www/images/fhemSVG/fs20_S4A-2_4.svg
2017.03.21 16:47:15 1: UPD www/images/fhemSVG/gasoline.svg
2017.03.21 16:47:15 1: UPD www/images/fhemSVG/helper_doif.svg
2017.03.21 16:47:15 1: UPD www/images/fhemSVG/helper_doiftools.svg
2017.03.21 16:47:15 1: UPD www/images/fhemSVG/hm-sec-win.svg
2017.03.21 16:47:15 1: UPD www/images/fhemSVG/hm_keymatic.svg
2017.03.21 16:47:15 1: UPD www/images/fhemSVG/hue_filled_aura.svg
2017.03.21 16:47:15 1: UPD www/images/fhemSVG/hue_filled_beyond_ceiling_pendant_table.svg
2017.03.21 16:47:15 1: UPD www/images/fhemSVG/hue_filled_bloom.svg
2017.03.21 16:47:15 1: UPD www/images/fhemSVG/hue_filled_br30.svg
2017.03.21 16:47:15 1: UPD www/images/fhemSVG/hue_filled_bridge_v1.svg
2017.03.21 16:47:15 1: UPD www/images/fhemSVG/hue_filled_bridge_v2.svg
2017.03.21 16:47:15 1: UPD www/images/fhemSVG/hue_filled_entity.svg
2017.03.21 16:47:15 1: UPD www/images/fhemSVG/hue_filled_go.svg
2017.03.21 16:47:15 1: UPD www/images/fhemSVG/hue_filled_gu10_par16.svg
2017.03.21 16:47:15 1: UPD www/images/fhemSVG/hue_filled_hds.svg
2017.03.21 16:47:15 1: UPD www/images/fhemSVG/hue_filled_impulse.svg
2017.03.21 16:47:15 1: UPD www/images/fhemSVG/hue_filled_iris.svg
2017.03.21 16:47:15 1: UPD www/images/fhemSVG/hue_filled_lightstrip.svg
2017.03.21 16:47:15 1: UPD www/images/fhemSVG/hue_filled_living_whites.svg
2017.03.21 16:47:15 1: UPD www/images/fhemSVG/hue_filled_outlet.svg
2017.03.21 16:47:15 1: UPD www/images/fhemSVG/hue_filled_phoenix_ceiling_pendant_table_wall.svg
2017.03.21 16:47:15 1: UPD www/images/fhemSVG/hue_filled_phoenix_recessed_spot.svg
2017.03.21 16:47:15 1: UPD www/images/fhemSVG/hue_filled_storylight.svg
2017.03.21 16:47:15 1: UPD www/images/fhemSVG/hue_filled_tap.svg
2017.03.21 16:47:15 1: UPD www/images/fhemSVG/hue_filled_white_and_color_e27_b22.svg
2017.03.21 16:47:15 1: UPD www/images/fhemSVG/hue_filled_white_e27_b22.svg
2017.03.21 16:47:15 1: UPD www/images/fhemSVG/hue_room_bathroom.svg
2017.03.21 16:47:16 1: UPD www/images/fhemSVG/hue_room_bedroom.svg
2017.03.21 16:47:16 1: UPD www/images/fhemSVG/hue_room_carport.svg
2017.03.21 16:47:16 1: UPD www/images/fhemSVG/hue_room_dining.svg
2017.03.21 16:47:16 1: UPD www/images/fhemSVG/hue_room_driveway.svg
2017.03.21 16:47:16 1: UPD www/images/fhemSVG/hue_room_frontdoor.svg
2017.03.21 16:47:16 1: UPD www/images/fhemSVG/hue_room_garage.svg
2017.03.21 16:47:16 1: UPD www/images/fhemSVG/hue_room_garden.svg
2017.03.21 16:47:16 1: UPD www/images/fhemSVG/hue_room_gym.svg
2017.03.21 16:47:16 1: UPD www/images/fhemSVG/hue_room_hallway.svg
2017.03.21 16:47:16 1: UPD www/images/fhemSVG/hue_room_kids_bedroom.svg
2017.03.21 16:47:16 1: UPD www/images/fhemSVG/hue_room_kitchen.svg
2017.03.21 16:47:16 1: UPD www/images/fhemSVG/hue_room_living.svg
2017.03.21 16:47:16 1: UPD www/images/fhemSVG/hue_room_nursery.svg
2017.03.21 16:47:16 1: UPD www/images/fhemSVG/hue_room_office.svg
2017.03.21 16:47:16 1: UPD www/images/fhemSVG/hue_room_other.svg
2017.03.21 16:47:16 1: UPD www/images/fhemSVG/hue_room_recreation.svg
2017.03.21 16:47:16 1: UPD www/images/fhemSVG/hue_room_terrace.svg
2017.03.21 16:47:16 1: UPD www/images/fhemSVG/hue_room_toilet.svg
2017.03.21 16:47:16 1: UPD www/images/fhemSVG/it_printer.svg
2017.03.21 16:47:16 1: UPD www/images/fhemSVG/markise_in.svg
2017.03.21 16:47:16 1: UPD www/images/fhemSVG/markise_out.svg
2017.03.21 16:47:16 1: UPD www/images/fhemSVG/radio_checked.svg
2017.03.21 16:47:16 1: UPD www/images/fhemSVG/radio_unchecked.svg
2017.03.21 16:47:16 1: UPD www/images/fhemSVG/rc_ASPECT.svg
2017.03.21 16:47:16 1: UPD www/images/fhemSVG/rc_BLANK2.svg
2017.03.21 16:47:16 1: UPD www/images/fhemSVG/rc_INFO2.svg
2017.03.21 16:47:16 1: UPD www/images/fhemSVG/rc_PROG.svg
2017.03.21 16:47:16 1: UPD www/images/fhemSVG/rc_TV2.svg
2017.03.21 16:47:16 1: UPD www/images/fhemSVG/rc_VIERA_LINK.svg
2017.03.21 16:47:17 1: UPD www/images/fhemSVG/rc_VIERA_TOOLS.svg
2017.03.21 16:47:17 1: UPD www/images/fhemSVG/rc_VOL.svg
2017.03.21 16:47:17 1: UPD www/images/fhemSVG/ring.svg
2017.03.21 16:47:17 1: UPD www/images/fhemSVG/wuerfel.svg
2017.03.21 16:47:17 1: UPD www/pgm2/alarm.js
2017.03.21 16:47:17 1: UPD www/pgm2/brightstyle.css
2017.03.21 16:47:17 1: UPD www/pgm2/console.js
2017.03.21 16:47:17 1: UPD www/pgm2/darkCommon.css
2017.03.21 16:47:17 1: UPD www/pgm2/darksmallscreenstyle.css
2017.03.21 16:47:17 1: UPD www/pgm2/darkstyle.css
2017.03.21 16:47:17 1: UPD www/pgm2/darksvg_defs.svg
2017.03.21 16:47:17 1: UPD www/pgm2/dashboard.js
2017.03.21 16:47:17 1: UPD www/pgm2/defaultCommon.css
2017.03.21 16:47:17 1: UPD www/pgm2/fhemdoc_modular.js
2017.03.21 16:47:17 1: UPD www/pgm2/fhemweb.js
2017.03.21 16:47:17 1: UPD www/pgm2/fhemweb_colorpicker.js
2017.03.21 16:47:17 1: UPD www/pgm2/fhemweb_fbcalllist.js
2017.03.21 16:47:17 1: UPD www/pgm2/fhemweb_readingsGroup.js
2017.03.21 16:47:17 1: UPD www/pgm2/fhemweb_readingsHistory.js
2017.03.21 16:47:17 1: UPD www/pgm2/fhemweb_sortable.js
2017.03.21 16:47:17 1: UPD www/pgm2/fhemweb_uzsu.js
2017.03.21 16:47:17 1: UPD www/pgm2/fhemweb_weekprofile.js
2017.03.21 16:47:17 1: UPD www/pgm2/ios6Common.css
2017.03.21 16:47:17 1: UPD www/pgm2/ios7Common.css
2017.03.21 16:47:17 1: UPD www/pgm2/ios7style.css
2017.03.21 16:47:17 1: UPD www/pgm2/jquery.vticker.min.js
2017.03.21 16:47:17 1: UPD www/pgm2/smallscreenstyle.css
2017.03.21 16:47:18 1: UPD www/pgm2/sorttable.js
2017.03.21 16:47:18 1: UPD www/pgm2/svg.js
2017.03.21 16:47:18 1: UPD www/pgm2/zwave_neighborlist.js
2017.03.21 16:47:18 1: 
2017.03.21 16:47:18 1: New entries in the CHANGED file:
2017.03.21 16:47:18 1:   - feature: 70_Pushover: new command 'msgCancel' to prematurely cancel
2017.03.21 16:47:18 1:                           confirmation requests for priority 2 messages
2017.03.21 16:47:18 1:   - feature: 00_SONOS: New feature 'get Queue' added
2017.03.21 16:47:18 1:   - update:  98_DOIFtools: few more derived operands
2017.03.21 16:47:18 1:                            in DOIFtools event monitor assistant
2017.03.21 16:47:18 1:   - new:     98_monitoring: introducing new  module to monitor devices towards
2017.03.21 16:47:18 1:                 events and stores them in two lists
2017.03.21 16:47:18 1:   - update:  88_HMCCU: Prepared code for version 4.
2017.03.21 16:47:18 1:   - update:  98_DOIFtools: minor fixes, added create DOIF Definition with
2017.03.21 16:47:18 1:                 event derived operands when using event monitor in DOIFtools
2017.03.21 16:47:18 1:   - update:  49_TBot_List: handleUnsolicited & multiline entries
2017.03.21 16:47:18 1:   - bugfix:  93_DbRep: get svrinfo has only used /opt/fhem/fhem.db (SQLite)
2017.03.21 16:47:18 1:   - new:     98_expandJSON: initial check in
2017.03.21 16:47:18 1:   - update:  98_DOIFtools: added hints to the derived operands
2017.03.21 16:47:18 1:   - update:  98_Text2Speech: some small improvements
2017.03.21 16:47:18 1:                 special Audiodevice "none" is now "default due
2017.03.21 16:47:18 1:                 collision with new Server mode
2017.03.21 16:47:18 1:   - update:  98_DOIFtools: Improved DOIF-Operand derivation from an event line
2017.03.21 16:47:18 1:                 if the event monitor is opend in DOIFs detail view.
2017.03.21 16:47:18 1:                 Improved dialog to insert the  selected operand in a definition
2017.03.21 16:47:18 1:   - new:     31_PLAYBULB: Integrates different smart lights from MIPOW and
2017.03.21 16:47:18 1:                           displays several settings
2017.03.21 16:47:18 1:   - bugfix:  00_SONOS: Errorhandling for RadioName etc.
2017.03.21 16:47:18 1:   - feature: 98_template: new FHEM command template
2017.03.21 16:47:18 1:   - feature: 70_MEDIAPORTAL: Plugins can be retreived and changed to
2017.03.21 16:47:18 1:   - update:  00_SONOS: New version, see Wiki- or File-Changelog 
2017.03.21 16:47:18 1: ... rest of lines skipped.
2017.03.21 16:47:18 1: Calling /usr/bin/perl ./contrib/commandref_join.pl, this may take a while
2017.03.21 16:47:21 1: 
2017.03.21 16:47:21 1: update finished, "shutdown restart" is needed to activate the changes.
2017.03.21 16:47:21 1: 
2017.03.21 16:47:21 1: Please consider using the global attribute sendStatistics
2017.03.21 16:47:22 1: nothing to do...
2017.03.21 16:47:44 0: Server shutdown
2017.03.21 16:58:21 1: Including fhem.cfg
2017.03.21 16:58:21 2: eventTypes: loaded 4 events from ./log/eventTypes.txt
2017.03.21 16:58:21 1: Including ./log/fhem.save
2017.03.21 16:58:21 1: usb create starting
2017.03.21 16:58:21 1: usb create end
2017.03.21 16:58:21 2: Error messages while initializing FHEM: configfile: testSwitch: unknown attribute genericDeviceType. Type 'attr testSwitch ?' for a detailed list.
2017.03.21 16:58:21 0: Featurelevel: 5.8
2017.03.21 16:58:21 0: Server started with 9 defined entities (fhem.pl:13733/2017-03-19 perl:5.020002 os:linux user:root pid:8)
PING 192.168.1.65 (192.168.1.65): 56 data bytes
64 bytes from 192.168.1.65: icmp_seq=0 ttl=63 time=17.116 ms
64 bytes from 192.168.1.65: icmp_seq=1 ttl=63 time=132.285 ms
64 bytes from 192.168.1.65: icmp_seq=2 ttl=63 time=56.849 ms
64 bytes from 192.168.1.65: icmp_seq=3 ttl=63 time=137.350 ms
64 bytes from 192.168.1.65: icmp_seq=4 ttl=63 time=161.175 ms
64 bytes from 192.168.1.65: icmp_seq=5 ttl=63 time=29.686 ms
64 bytes from 192.168.1.65: icmp_seq=6 ttl=63 time=207.509 ms
64 bytes from 192.168.1.65: icmp_seq=7 ttl=63 time=126.393 ms
64 bytes from 192.168.1.65: icmp_seq=8 ttl=63 time=150.535 ms
64 bytes from 192.168.1.65: icmp_seq=9 ttl=63 time=174.570 ms
64 bytes from 192.168.1.65: icmp_seq=10 ttl=63 time=197.078 ms
64 bytes from 192.168.1.65: icmp_seq=11 ttl=63 time=115.625 ms
64 bytes from 192.168.1.65: icmp_seq=12 ttl=63 time=240.229 ms
64 bytes from 192.168.1.65: icmp_seq=13 ttl=63 time=532.252 ms
64 bytes from 192.168.1.65: icmp_seq=14 ttl=63 time=287.411 ms
64 bytes from 192.168.1.65: icmp_seq=15 ttl=63 time=314.019 ms
64 bytes from 192.168.1.65: icmp_seq=16 ttl=63 time=155.423 ms
64 bytes from 192.168.1.65: icmp_seq=17 ttl=63 time=153.170 ms
64 bytes from 192.168.1.65: icmp_seq=18 ttl=63 time=176.693 ms
64 bytes from 192.168.1.65: icmp_seq=19 ttl=63 time=199.578 ms
64 bytes from 192.168.1.65: icmp_seq=20 ttl=63 time=226.313 ms
64 bytes from 192.168.1.65: icmp_seq=21 ttl=63 time=247.776 ms
64 bytes from 192.168.1.65: icmp_seq=22 ttl=63 time=271.829 ms
64 bytes from 192.168.1.65: icmp_seq=23 ttl=63 time=502.022 ms
64 bytes from 192.168.1.65: icmp_seq=24 ttl=63 time=314.299 ms
64 bytes from 192.168.1.65: icmp_seq=25 ttl=63 time=134.180 ms
64 bytes from 192.168.1.65: icmp_seq=26 ttl=63 time=155.753 ms
64 bytes from 192.168.1.65: icmp_seq=27 ttl=63 time=53.399 ms
64 bytes from 192.168.1.65: icmp_seq=28 ttl=63 time=6.873 ms
64 bytes from 192.168.1.65: icmp_seq=29 ttl=63 time=550.584 ms
64 bytes from 192.168.1.65: icmp_seq=30 ttl=63 time=247.804 ms
64 bytes from 192.168.1.65: icmp_seq=31 ttl=63 time=539.795 ms
64 bytes from 192.168.1.65: icmp_seq=32 ttl=63 time=294.292 ms
64 bytes from 192.168.1.65: icmp_seq=33 ttl=63 time=112.509 ms
64 bytes from 192.168.1.65: icmp_seq=34 ttl=63 time=7.491 ms
64 bytes from 192.168.1.65: icmp_seq=35 ttl=63 time=428.648 ms
64 bytes from 192.168.1.65: icmp_seq=36 ttl=63 time=1.577 ms
64 bytes from 192.168.1.65: icmp_seq=37 ttl=63 time=472.262 ms
64 bytes from 192.168.1.65: icmp_seq=38 ttl=63 time=227.466 ms
64 bytes from 192.168.1.65: icmp_seq=39 ttl=63 time=5.696 ms
64 bytes from 192.168.1.65: icmp_seq=40 ttl=63 time=81.767 ms
64 bytes from 192.168.1.65: icmp_seq=41 ttl=63 time=197.465 ms
64 bytes from 192.168.1.65: icmp_seq=42 ttl=63 time=117.506 ms
64 bytes from 192.168.1.65: icmp_seq=43 ttl=63 time=140.771 ms
64 bytes from 192.168.1.65: icmp_seq=44 ttl=63 time=165.606 ms
64 bytes from 192.168.1.65: icmp_seq=45 ttl=63 time=186.765 ms
64 bytes from 192.168.1.65: icmp_seq=46 ttl=63 time=212.154 ms
64 bytes from 192.168.1.65: icmp_seq=47 ttl=63 time=130.853 ms
64 bytes from 192.168.1.65: icmp_seq=48 ttl=63 time=156.374 ms
64 bytes from 192.168.1.65: icmp_seq=49 ttl=63 time=6.301 ms
64 bytes from 192.168.1.65: icmp_seq=50 ttl=63 time=203.521 ms
64 bytes from 192.168.1.65: icmp_seq=51 ttl=63 time=120.460 ms
64 bytes from 192.168.1.65: icmp_seq=52 ttl=63 time=145.267 ms
64 bytes from 192.168.1.65: icmp_seq=53 ttl=63 time=167.498 ms
64 bytes from 192.168.1.65: icmp_seq=54 ttl=63 time=190.888 ms
64 bytes from 192.168.1.65: icmp_seq=55 ttl=63 time=213.654 ms
64 bytes from 192.168.1.65: icmp_seq=56 ttl=63 time=132.417 ms
64 bytes from 192.168.1.65: icmp_seq=57 ttl=63 time=155.412 ms
64 bytes from 192.168.1.65: icmp_seq=58 ttl=63 time=179.282 ms
64 bytes from 192.168.1.65: icmp_seq=59 ttl=63 time=203.062 ms
64 bytes from 192.168.1.65: icmp_seq=60 ttl=63 time=6.048 ms
64 bytes from 192.168.1.65: icmp_seq=61 ttl=63 time=50.491 ms
64 bytes from 192.168.1.65: icmp_seq=62 ttl=63 time=10.155 ms
64 bytes from 192.168.1.65: icmp_seq=63 ttl=63 time=102.035 ms
64 bytes from 192.168.1.65: icmp_seq=64 ttl=63 time=10.264 ms
64 bytes from 192.168.1.65: icmp_seq=65 ttl=63 time=134.292 ms
64 bytes from 192.168.1.65: icmp_seq=66 ttl=63 time=155.833 ms
64 bytes from 192.168.1.65: icmp_seq=67 ttl=63 time=178.259 ms
64 bytes from 192.168.1.65: icmp_seq=68 ttl=63 time=205.013 ms
64 bytes from 192.168.1.65: icmp_seq=69 ttl=63 time=125.035 ms
64 bytes from 192.168.1.65: icmp_seq=70 ttl=63 time=147.760 ms
64 bytes from 192.168.1.65: icmp_seq=71 ttl=63 time=169.890 ms
64 bytes from 192.168.1.65: icmp_seq=72 ttl=63 time=193.085 ms
64 bytes from 192.168.1.65: icmp_seq=73 ttl=63 time=115.294 ms
64 bytes from 192.168.1.65: icmp_seq=74 ttl=63 time=138.944 ms
64 bytes from 192.168.1.65: icmp_seq=75 ttl=63 time=163.437 ms
64 bytes from 192.168.1.65: icmp_seq=76 ttl=63 time=184.344 ms
64 bytes from 192.168.1.65: icmp_seq=77 ttl=63 time=207.795 ms
64 bytes from 192.168.1.65: icmp_seq=78 ttl=63 time=128.837 ms
64 bytes from 192.168.1.65: icmp_seq=79 ttl=63 time=149.662 ms
64 bytes from 192.168.1.65: icmp_seq=80 ttl=63 time=176.485 ms
64 bytes from 192.168.1.65: icmp_seq=81 ttl=63 time=198.604 ms
64 bytes from 192.168.1.65: icmp_seq=82 ttl=63 time=117.987 ms
64 bytes from 192.168.1.65: icmp_seq=83 ttl=63 time=108.487 ms
64 bytes from 192.168.1.65: icmp_seq=84 ttl=63 time=116.387 ms
64 bytes from 192.168.1.65: icmp_seq=85 ttl=63 time=113.993 ms
64 bytes from 192.168.1.65: icmp_seq=86 ttl=63 time=112.686 ms
64 bytes from 192.168.1.65: icmp_seq=87 ttl=63 time=111.898 ms
64 bytes from 192.168.1.65: icmp_seq=88 ttl=63 time=113.419 ms
64 bytes from 192.168.1.65: icmp_seq=89 ttl=63 time=110.610 ms
64 bytes from 192.168.1.65: icmp_seq=90 ttl=63 time=2.890 ms
64 bytes from 192.168.1.65: icmp_seq=91 ttl=63 time=109.956 ms
64 bytes from 192.168.1.65: icmp_seq=92 ttl=63 time=113.362 ms
64 bytes from 192.168.1.65: icmp_seq=93 ttl=63 time=108.048 ms
64 bytes from 192.168.1.65: icmp_seq=94 ttl=63 time=104.234 ms
64 bytes from 192.168.1.65: icmp_seq=95 ttl=63 time=103.772 ms
64 bytes from 192.168.1.65: icmp_seq=96 ttl=63 time=133.540 ms
64 bytes from 192.168.1.65: icmp_seq=97 ttl=63 time=161.775 ms
64 bytes from 192.168.1.65: icmp_seq=98 ttl=63 time=180.387 ms
64 bytes from 192.168.1.65: icmp_seq=99 ttl=63 time=206.882 ms
64 bytes from 192.168.1.65: icmp_seq=100 ttl=63 time=123.394 ms
64 bytes from 192.168.1.65: icmp_seq=101 ttl=63 time=149.186 ms
64 bytes from 192.168.1.65: icmp_seq=102 ttl=63 time=169.257 ms
64 bytes from 192.168.1.65: icmp_seq=103 ttl=63 time=191.813 ms
64 bytes from 192.168.1.65: icmp_seq=104 ttl=63 time=216.092 ms
64 bytes from 192.168.1.65: icmp_seq=105 ttl=63 time=136.810 ms
64 bytes from 192.168.1.65: icmp_seq=106 ttl=63 time=163.887 ms
64 bytes from 192.168.1.65: icmp_seq=107 ttl=63 time=183.378 ms
64 bytes from 192.168.1.65: icmp_seq=108 ttl=63 time=206.840 ms
64 bytes from 192.168.1.65: icmp_seq=109 ttl=63 time=126.533 ms
64 bytes from 192.168.1.65: icmp_seq=110 ttl=63 time=148.260 ms
64 bytes from 192.168.1.65: icmp_seq=111 ttl=63 time=170.880 ms
64 bytes from 192.168.1.65: icmp_seq=112 ttl=63 time=195.716 ms
64 bytes from 192.168.1.65: icmp_seq=113 ttl=63 time=113.890 ms
64 bytes from 192.168.1.65: icmp_seq=114 ttl=63 time=140.294 ms
64 bytes from 192.168.1.65: icmp_seq=115 ttl=63 time=162.856 ms
64 bytes from 192.168.1.65: icmp_seq=116 ttl=63 time=181.954 ms
64 bytes from 192.168.1.65: icmp_seq=117 ttl=63 time=159.047 ms
64 bytes from 192.168.1.65: icmp_seq=118 ttl=63 time=131.662 ms
64 bytes from 192.168.1.65: icmp_seq=119 ttl=63 time=148.917 ms
64 bytes from 192.168.1.65: icmp_seq=120 ttl=63 time=172.269 ms
64 bytes from 192.168.1.65: icmp_seq=121 ttl=63 time=195.632 ms
64 bytes from 192.168.1.65: icmp_seq=122 ttl=63 time=116.062 ms
64 bytes from 192.168.1.65: icmp_seq=123 ttl=63 time=139.044 ms
64 bytes from 192.168.1.65: icmp_seq=124 ttl=63 time=162.645 ms
64 bytes from 192.168.1.65: icmp_seq=125 ttl=63 time=186.772 ms
64 bytes from 192.168.1.65: icmp_seq=126 ttl=63 time=209.642 ms
64 bytes from 192.168.1.65: icmp_seq=127 ttl=63 time=130.323 ms
64 bytes from 192.168.1.65: icmp_seq=128 ttl=63 time=153.463 ms
64 bytes from 192.168.1.65: icmp_seq=129 ttl=63 time=174.742 ms
64 bytes from 192.168.1.65: icmp_seq=130 ttl=63 time=61.106 ms
64 bytes from 192.168.1.65: icmp_seq=131 ttl=63 time=142.997 ms
64 bytes from 192.168.1.65: icmp_seq=132 ttl=63 time=81.726 ms
64 bytes from 192.168.1.65: icmp_seq=133 ttl=63 time=13.665 ms
64 bytes from 192.168.1.65: icmp_seq=134 ttl=63 time=187.682 ms
64 bytes from 192.168.1.65: icmp_seq=135 ttl=63 time=501.984 ms
64 bytes from 192.168.1.65: icmp_seq=136 ttl=63 time=234.645 ms
64 bytes from 192.168.1.65: icmp_seq=137 ttl=63 time=256.340 ms
64 bytes from 192.168.1.65: icmp_seq=138 ttl=63 time=280.881 ms
64 bytes from 192.168.1.65: icmp_seq=139 ttl=63 time=304.318 ms
64 bytes from 192.168.1.65: icmp_seq=140 ttl=63 time=124.020 ms
64 bytes from 192.168.1.65: icmp_seq=141 ttl=63 time=148.795 ms
64 bytes from 192.168.1.65: icmp_seq=142 ttl=63 time=173.168 ms
64 bytes from 192.168.1.65: icmp_seq=143 ttl=63 time=462.523 ms
64 bytes from 192.168.1.65: icmp_seq=144 ttl=63 time=223.562 ms
64 bytes from 192.168.1.65: icmp_seq=145 ttl=63 time=514.059 ms
64 bytes from 192.168.1.65: icmp_seq=146 ttl=63 time=271.013 ms
64 bytes from 192.168.1.65: icmp_seq=147 ttl=63 time=562.349 ms
64 bytes from 192.168.1.65: icmp_seq=148 ttl=63 time=318.992 ms
64 bytes from 192.168.1.65: icmp_seq=149 ttl=63 time=599.027 ms
64 bytes from 192.168.1.65: icmp_seq=150 ttl=63 time=152.449 ms
64 bytes from 192.168.1.65: icmp_seq=151 ttl=63 time=3.588 ms
64 bytes from 192.168.1.65: icmp_seq=152 ttl=63 time=197.589 ms
64 bytes from 192.168.1.65: icmp_seq=153 ttl=63 time=223.947 ms
64 bytes from 192.168.1.65: icmp_seq=154 ttl=63 time=246.644 ms
64 bytes from 192.168.1.65: icmp_seq=155 ttl=63 time=270.700 ms
64 bytes from 192.168.1.65: icmp_seq=156 ttl=63 time=293.290 ms
64 bytes from 192.168.1.65: icmp_seq=157 ttl=63 time=319.428 ms
64 bytes from 192.168.1.65: icmp_seq=158 ttl=63 time=142.368 ms
64 bytes from 192.168.1.65: icmp_seq=159 ttl=63 time=155.109 ms
64 bytes from 192.168.1.65: icmp_seq=160 ttl=63 time=186.058 ms
64 bytes from 192.168.1.65: icmp_seq=161 ttl=63 time=129.271 ms
64 bytes from 192.168.1.65: icmp_seq=162 ttl=63 time=230.291 ms
64 bytes from 192.168.1.65: icmp_seq=163 ttl=63 time=516.736 ms
64 bytes from 192.168.1.65: icmp_seq=164 ttl=63 time=277.643 ms
64 bytes from 192.168.1.65: icmp_seq=165 ttl=63 time=295.453 ms
64 bytes from 192.168.1.65: icmp_seq=166 ttl=63 time=110.854 ms
64 bytes from 192.168.1.65: icmp_seq=167 ttl=63 time=134.592 ms
64 bytes from 192.168.1.65: icmp_seq=168 ttl=63 time=161.425 ms
64 bytes from 192.168.1.65: icmp_seq=169 ttl=63 time=188.076 ms
64 bytes from 192.168.1.65: icmp_seq=170 ttl=63 time=215.009 ms
64 bytes from 192.168.1.65: icmp_seq=171 ttl=63 time=230.144 ms
64 bytes from 192.168.1.65: icmp_seq=172 ttl=63 time=8.886 ms
64 bytes from 192.168.1.65: icmp_seq=173 ttl=63 time=365.455 ms
64 bytes from 192.168.1.65: icmp_seq=174 ttl=63 time=41.046 ms
64 bytes from 192.168.1.65: icmp_seq=175 ttl=63 time=11.032 ms
64 bytes from 192.168.1.65: icmp_seq=176 ttl=63 time=111.233 ms
64 bytes from 192.168.1.65: icmp_seq=177 ttl=63 time=36.109 ms
64 bytes from 192.168.1.65: icmp_seq=178 ttl=63 time=183.996 ms
64 bytes from 192.168.1.65: icmp_seq=179 ttl=63 time=371.807 ms
64 bytes from 192.168.1.65: icmp_seq=180 ttl=63 time=230.537 ms
64 bytes from 192.168.1.65: icmp_seq=181 ttl=63 time=257.171 ms
64 bytes from 192.168.1.65: icmp_seq=182 ttl=63 time=275.928 ms
64 bytes from 192.168.1.65: icmp_seq=183 ttl=63 time=300.179 ms
64 bytes from 192.168.1.65: icmp_seq=184 ttl=63 time=117.764 ms
64 bytes from 192.168.1.65: icmp_seq=185 ttl=63 time=141.089 ms
64 bytes from 192.168.1.65: icmp_seq=186 ttl=63 time=431.375 ms
64 bytes from 192.168.1.65: icmp_seq=187 ttl=63 time=190.498 ms
64 bytes from 192.168.1.65: icmp_seq=188 ttl=63 time=211.248 ms
64 bytes from 192.168.1.65: icmp_seq=189 ttl=63 time=240.586 ms
64 bytes from 192.168.1.65: icmp_seq=190 ttl=63 time=260.081 ms
64 bytes from 192.168.1.65: icmp_seq=191 ttl=63 time=281.587 ms
64 bytes from 192.168.1.65: icmp_seq=192 ttl=63 time=7.154 ms
64 bytes from 192.168.1.65: icmp_seq=193 ttl=63 time=126.366 ms
64 bytes from 192.168.1.65: icmp_seq=194 ttl=63 time=148.052 ms
64 bytes from 192.168.1.65: icmp_seq=195 ttl=63 time=178.141 ms
64 bytes from 192.168.1.65: icmp_seq=196 ttl=63 time=194.224 ms
64 bytes from 192.168.1.65: icmp_seq=197 ttl=63 time=220.438 ms
64 bytes from 192.168.1.65: icmp_seq=198 ttl=63 time=236.909 ms
64 bytes from 192.168.1.65: icmp_seq=199 ttl=63 time=261.111 ms
64 bytes from 192.168.1.65: icmp_seq=200 ttl=63 time=16.838 ms
64 bytes from 192.168.1.65: icmp_seq=201 ttl=63 time=306.986 ms
64 bytes from 192.168.1.65: icmp_seq=202 ttl=63 time=131.712 ms
64 bytes from 192.168.1.65: icmp_seq=203 ttl=63 time=154.200 ms
64 bytes from 192.168.1.65: icmp_seq=204 ttl=63 time=319.155 ms
64 bytes from 192.168.1.65: icmp_seq=205 ttl=63 time=8.623 ms
64 bytes from 192.168.1.65: icmp_seq=206 ttl=63 time=493.211 ms
64 bytes from 192.168.1.65: icmp_seq=207 ttl=63 time=243.636 ms
64 bytes from 192.168.1.65: icmp_seq=208 ttl=63 time=540.600 ms
64 bytes from 192.168.1.65: icmp_seq=209 ttl=63 time=285.885 ms
64 bytes from 192.168.1.65: icmp_seq=210 ttl=63 time=580.744 ms
64 bytes from 192.168.1.65: icmp_seq=211 ttl=63 time=128.219 ms
64 bytes from 192.168.1.65: icmp_seq=212 ttl=63 time=418.915 ms
64 bytes from 192.168.1.65: icmp_seq=213 ttl=63 time=55.585 ms
64 bytes from 192.168.1.65: icmp_seq=214 ttl=63 time=465.032 ms
64 bytes from 192.168.1.65: icmp_seq=215 ttl=63 time=220.860 ms
64 bytes from 192.168.1.65: icmp_seq=216 ttl=63 time=511.510 ms
64 bytes from 192.168.1.65: icmp_seq=217 ttl=63 time=269.294 ms
64 bytes from 192.168.1.65: icmp_seq=218 ttl=63 time=560.812 ms
64 bytes from 192.168.1.65: icmp_seq=219 ttl=63 time=110.497 ms
64 bytes from 192.168.1.65: icmp_seq=220 ttl=63 time=400.903 ms
64 bytes from 192.168.1.65: icmp_seq=221 ttl=63 time=156.239 ms
64 bytes from 192.168.1.65: icmp_seq=222 ttl=63 time=180.085 ms
64 bytes from 192.168.1.65: icmp_seq=223 ttl=63 time=204.106 ms
64 bytes from 192.168.1.65: icmp_seq=224 ttl=63 time=232.722 ms
64 bytes from 192.168.1.65: icmp_seq=225 ttl=63 time=256.300 ms
64 bytes from 192.168.1.65: icmp_seq=226 ttl=63 time=277.249 ms
64 bytes from 192.168.1.65: icmp_seq=227 ttl=63 time=299.256 ms
64 bytes from 192.168.1.65: icmp_seq=228 ttl=63 time=116.746 ms
64 bytes from 192.168.1.65: icmp_seq=229 ttl=63 time=139.374 ms
64 bytes from 192.168.1.65: icmp_seq=230 ttl=63 time=163.835 ms
64 bytes from 192.168.1.65: icmp_seq=231 ttl=63 time=184.139 ms
64 bytes from 192.168.1.65: icmp_seq=232 ttl=63 time=211.230 ms
64 bytes from 192.168.1.65: icmp_seq=233 ttl=63 time=478.661 ms
64 bytes from 192.168.1.65: icmp_seq=234 ttl=63 time=122.418 ms
64 bytes from 192.168.1.65: icmp_seq=235 ttl=63 time=543.262 ms
64 bytes from 192.168.1.65: icmp_seq=236 ttl=63 time=298.659 ms
64 bytes from 192.168.1.65: icmp_seq=237 ttl=63 time=118.737 ms
64 bytes from 192.168.1.65: icmp_seq=238 ttl=63 time=147.858 ms
64 bytes from 192.168.1.65: icmp_seq=239 ttl=63 time=12.565 ms
64 bytes from 192.168.1.65: icmp_seq=240 ttl=63 time=189.411 ms
64 bytes from 192.168.1.65: icmp_seq=241 ttl=63 time=211.445 ms
64 bytes from 192.168.1.65: icmp_seq=242 ttl=63 time=236.030 ms
64 bytes from 192.168.1.65: icmp_seq=243 ttl=63 time=260.117 ms
64 bytes from 192.168.1.65: icmp_seq=244 ttl=63 time=279.000 ms
64 bytes from 192.168.1.65: icmp_seq=245 ttl=63 time=569.789 ms
64 bytes from 192.168.1.65: icmp_seq=246 ttl=63 time=120.162 ms
64 bytes from 192.168.1.65: icmp_seq=247 ttl=63 time=411.300 ms
64 bytes from 192.168.1.65: icmp_seq=248 ttl=63 time=372.184 ms
64 bytes from 192.168.1.65: icmp_seq=249 ttl=63 time=190.366 ms
64 bytes from 192.168.1.65: icmp_seq=250 ttl=63 time=213.711 ms
64 bytes from 192.168.1.65: icmp_seq=251 ttl=63 time=237.823 ms
64 bytes from 192.168.1.65: icmp_seq=252 ttl=63 time=263.937 ms
64 bytes from 192.168.1.65: icmp_seq=253 ttl=63 time=287.587 ms
64 bytes from 192.168.1.65: icmp_seq=254 ttl=63 time=307.232 ms
64 bytes from 192.168.1.65: icmp_seq=255 ttl=63 time=6.291 ms
64 bytes from 192.168.1.65: icmp_seq=256 ttl=63 time=150.500 ms
64 bytes from 192.168.1.65: icmp_seq=257 ttl=63 time=174.217 ms
64 bytes from 192.168.1.65: icmp_seq=258 ttl=63 time=199.718 ms
64 bytes from 192.168.1.65: icmp_seq=259 ttl=63 time=232.123 ms
64 bytes from 192.168.1.65: icmp_seq=260 ttl=63 time=253.425 ms
64 bytes from 192.168.1.65: icmp_seq=261 ttl=63 time=275.132 ms
64 bytes from 192.168.1.65: icmp_seq=262 ttl=63 time=287.270 ms
64 bytes from 192.168.1.65: icmp_seq=263 ttl=63 time=458.162 ms
64 bytes from 192.168.1.65: icmp_seq=264 ttl=63 time=127.268 ms
64 bytes from 192.168.1.65: icmp_seq=265 ttl=63 time=420.057 ms
64 bytes from 192.168.1.65: icmp_seq=266 ttl=63 time=174.989 ms
64 bytes from 192.168.1.65: icmp_seq=267 ttl=63 time=465.213 ms
64 bytes from 192.168.1.65: icmp_seq=268 ttl=63 time=220.421 ms
64 bytes from 192.168.1.65: icmp_seq=269 ttl=63 time=511.625 ms
64 bytes from 192.168.1.65: icmp_seq=270 ttl=63 time=269.049 ms
64 bytes from 192.168.1.65: icmp_seq=271 ttl=63 time=558.839 ms
64 bytes from 192.168.1.65: icmp_seq=272 ttl=63 time=322.313 ms
64 bytes from 192.168.1.65: icmp_seq=273 ttl=63 time=139.818 ms
64 bytes from 192.168.1.65: icmp_seq=274 ttl=63 time=162.819 ms
64 bytes from 192.168.1.65: icmp_seq=275 ttl=63 time=8.871 ms
64 bytes from 192.168.1.65: icmp_seq=276 ttl=63 time=208.807 ms
64 bytes from 192.168.1.65: icmp_seq=277 ttl=63 time=498.973 ms
64 bytes from 192.168.1.65: icmp_seq=278 ttl=63 time=254.328 ms
64 bytes from 192.168.1.65: icmp_seq=279 ttl=63 time=548.544 ms
64 bytes from 192.168.1.65: icmp_seq=280 ttl=63 time=13.477 ms
64 bytes from 192.168.1.65: icmp_seq=281 ttl=63 time=113.433 ms
64 bytes from 192.168.1.65: icmp_seq=282 ttl=63 time=136.093 ms
64 bytes from 192.168.1.65: icmp_seq=283 ttl=63 time=161.749 ms
64 bytes from 192.168.1.65: icmp_seq=284 ttl=63 time=185.017 ms
64 bytes from 192.168.1.65: icmp_seq=285 ttl=63 time=211.172 ms
64 bytes from 192.168.1.65: icmp_seq=286 ttl=63 time=106.778 ms
64 bytes from 192.168.1.65: icmp_seq=287 ttl=63 time=252.916 ms
64 bytes from 192.168.1.65: icmp_seq=288 ttl=63 time=276.125 ms
64 bytes from 192.168.1.65: icmp_seq=289 ttl=63 time=300.982 ms
64 bytes from 192.168.1.65: icmp_seq=290 ttl=63 time=123.572 ms
64 bytes from 192.168.1.65: icmp_seq=291 ttl=63 time=143.603 ms
64 bytes from 192.168.1.65: icmp_seq=292 ttl=63 time=166.779 ms
64 bytes from 192.168.1.65: icmp_seq=293 ttl=63 time=7.084 ms
64 bytes from 192.168.1.65: icmp_seq=294 ttl=63 time=207.925 ms
64 bytes from 192.168.1.65: icmp_seq=295 ttl=63 time=244.208 ms
64 bytes from 192.168.1.65: icmp_seq=296 ttl=63 time=59.838 ms
64 bytes from 192.168.1.65: icmp_seq=297 ttl=63 time=544.689 ms
64 bytes from 192.168.1.65: icmp_seq=298 ttl=63 time=300.473 ms
64 bytes from 192.168.1.65: icmp_seq=299 ttl=63 time=122.865 ms
64 bytes from 192.168.1.65: icmp_seq=300 ttl=63 time=145.335 ms
64 bytes from 192.168.1.65: icmp_seq=301 ttl=63 time=432.064 ms
64 bytes from 192.168.1.65: icmp_seq=302 ttl=63 time=195.392 ms
64 bytes from 192.168.1.65: icmp_seq=303 ttl=63 time=479.024 ms
64 bytes from 192.168.1.65: icmp_seq=304 ttl=63 time=238.839 ms
64 bytes from 192.168.1.65: icmp_seq=305 ttl=63 time=527.124 ms
64 bytes from 192.168.1.65: icmp_seq=306 ttl=63 time=282.226 ms
64 bytes from 192.168.1.65: icmp_seq=307 ttl=63 time=572.697 ms
64 bytes from 192.168.1.65: icmp_seq=308 ttl=63 time=124.357 ms
64 bytes from 192.168.1.65: icmp_seq=309 ttl=63 time=418.779 ms
64 bytes from 192.168.1.65: icmp_seq=310 ttl=63 time=178.725 ms
64 bytes from 192.168.1.65: icmp_seq=311 ttl=63 time=462.694 ms
64 bytes from 192.168.1.65: icmp_seq=312 ttl=63 time=224.435 ms
64 bytes from 192.168.1.65: icmp_seq=313 ttl=63 time=240.571 ms
64 bytes from 192.168.1.65: icmp_seq=314 ttl=63 time=267.162 ms
64 bytes from 192.168.1.65: icmp_seq=315 ttl=63 time=293.581 ms
64 bytes from 192.168.1.65: icmp_seq=316 ttl=63 time=313.306 ms
64 bytes from 192.168.1.65: icmp_seq=317 ttl=63 time=6.811 ms
64 bytes from 192.168.1.65: icmp_seq=318 ttl=63 time=154.818 ms
64 bytes from 192.168.1.65: icmp_seq=319 ttl=63 time=184.945 ms
64 bytes from 192.168.1.65: icmp_seq=320 ttl=63 time=204.739 ms
64 bytes from 192.168.1.65: icmp_seq=321 ttl=63 time=223.908 ms
64 bytes from 192.168.1.65: icmp_seq=322 ttl=63 time=244.656 ms
64 bytes from 192.168.1.65: icmp_seq=323 ttl=63 time=412.906 ms
64 bytes from 192.168.1.65: icmp_seq=324 ttl=63 time=289.987 ms
64 bytes from 192.168.1.65: icmp_seq=325 ttl=63 time=588.046 ms
64 bytes from 192.168.1.65: icmp_seq=326 ttl=63 time=140.956 ms
64 bytes from 192.168.1.65: icmp_seq=327 ttl=63 time=161.525 ms
64 bytes from 192.168.1.65: icmp_seq=328 ttl=63 time=185.093 ms
64 bytes from 192.168.1.65: icmp_seq=329 ttl=63 time=467.794 ms
64 bytes from 192.168.1.65: icmp_seq=330 ttl=63 time=224.313 ms
64 bytes from 192.168.1.65: icmp_seq=331 ttl=63 time=517.436 ms
64 bytes from 192.168.1.65: icmp_seq=332 ttl=63 time=271.197 ms
64 bytes from 192.168.1.65: icmp_seq=333 ttl=63 time=560.898 ms
64 bytes from 192.168.1.65: icmp_seq=334 ttl=63 time=121.235 ms
64 bytes from 192.168.1.65: icmp_seq=335 ttl=63 time=404.585 ms
64 bytes from 192.168.1.65: icmp_seq=336 ttl=63 time=162.502 ms
64 bytes from 192.168.1.65: icmp_seq=337 ttl=63 time=1.547 ms
64 bytes from 192.168.1.65: icmp_seq=338 ttl=63 time=205.260 ms
64 bytes from 192.168.1.65: icmp_seq=339 ttl=63 time=502.717 ms
64 bytes from 192.168.1.65: icmp_seq=340 ttl=63 time=258.340 ms
64 bytes from 192.168.1.65: icmp_seq=341 ttl=63 time=282.852 ms
64 bytes from 192.168.1.65: icmp_seq=342 ttl=63 time=299.365 ms
64 bytes from 192.168.1.65: icmp_seq=343 ttl=63 time=119.882 ms
64 bytes from 192.168.1.65: icmp_seq=344 ttl=63 time=152.774 ms
64 bytes from 192.168.1.65: icmp_seq=345 ttl=63 time=171.461 ms
64 bytes from 192.168.1.65: icmp_seq=346 ttl=63 time=198.586 ms
64 bytes from 192.168.1.65: icmp_seq=347 ttl=63 time=212.262 ms
64 bytes from 192.168.1.65: icmp_seq=348 ttl=63 time=234.059 ms
64 bytes from 192.168.1.65: icmp_seq=349 ttl=63 time=260.943 ms
64 bytes from 192.168.1.65: icmp_seq=350 ttl=63 time=288.628 ms
64 bytes from 192.168.1.65: icmp_seq=351 ttl=63 time=311.921 ms
64 bytes from 192.168.1.65: icmp_seq=352 ttl=63 time=132.286 ms
64 bytes from 192.168.1.65: icmp_seq=353 ttl=63 time=149.697 ms
64 bytes from 192.168.1.65: icmp_seq=354 ttl=63 time=173.355 ms
64 bytes from 192.168.1.65: icmp_seq=355 ttl=63 time=467.204 ms
64 bytes from 192.168.1.65: icmp_seq=356 ttl=63 time=211.789 ms
64 bytes from 192.168.1.65: icmp_seq=357 ttl=63 time=502.601 ms
64 bytes from 192.168.1.65: icmp_seq=358 ttl=63 time=58.128 ms
64 bytes from 192.168.1.65: icmp_seq=359 ttl=63 time=548.625 ms
64 bytes from 192.168.1.65: icmp_seq=360 ttl=63 time=303.982 ms
64 bytes from 192.168.1.65: icmp_seq=361 ttl=63 time=127.006 ms
64 bytes from 192.168.1.65: icmp_seq=362 ttl=63 time=150.362 ms
64 bytes from 192.168.1.65: icmp_seq=363 ttl=63 time=436.390 ms
64 bytes from 192.168.1.65: icmp_seq=364 ttl=63 time=196.763 ms
64 bytes from 192.168.1.65: icmp_seq=365 ttl=63 time=487.361 ms
64 bytes from 192.168.1.65: icmp_seq=366 ttl=63 time=237.887 ms
64 bytes from 192.168.1.65: icmp_seq=367 ttl=63 time=261.363 ms
64 bytes from 192.168.1.65: icmp_seq=368 ttl=63 time=285.800 ms
64 bytes from 192.168.1.65: icmp_seq=369 ttl=63 time=576.694 ms
64 bytes from 192.168.1.65: icmp_seq=370 ttl=63 time=136.190 ms
64 bytes from 192.168.1.65: icmp_seq=371 ttl=63 time=426.739 ms
64 bytes from 192.168.1.65: icmp_seq=372 ttl=63 time=177.064 ms
64 bytes from 192.168.1.65: icmp_seq=373 ttl=63 time=195.952 ms
64 bytes from 192.168.1.65: icmp_seq=374 ttl=63 time=220.092 ms
64 bytes from 192.168.1.65: icmp_seq=375 ttl=63 time=245.202 ms
64 bytes from 192.168.1.65: icmp_seq=376 ttl=63 time=44.920 ms
64 bytes from 192.168.1.65: icmp_seq=377 ttl=63 time=301.597 ms
64 bytes from 192.168.1.65: icmp_seq=378 ttl=63 time=314.980 ms
64 bytes from 192.168.1.65: icmp_seq=379 ttl=63 time=6.196 ms
64 bytes from 192.168.1.65: icmp_seq=380 ttl=63 time=160.238 ms
64 bytes from 192.168.1.65: icmp_seq=381 ttl=63 time=181.462 ms
64 bytes from 192.168.1.65: icmp_seq=382 ttl=63 time=208.112 ms
64 bytes from 192.168.1.65: icmp_seq=383 ttl=63 time=489.028 ms
64 bytes from 192.168.1.65: icmp_seq=384 ttl=63 time=249.330 ms
64 bytes from 192.168.1.65: icmp_seq=385 ttl=63 time=535.358 ms
64 bytes from 192.168.1.65: icmp_seq=386 ttl=63 time=301.659 ms
64 bytes from 192.168.1.65: icmp_seq=387 ttl=63 time=586.246 ms
64 bytes from 192.168.1.65: icmp_seq=388 ttl=63 time=132.699 ms
64 bytes from 192.168.1.65: icmp_seq=389 ttl=63 time=423.634 ms
64 bytes from 192.168.1.65: icmp_seq=390 ttl=63 time=183.818 ms
64 bytes from 192.168.1.65: icmp_seq=391 ttl=63 time=474.149 ms
64 bytes from 192.168.1.65: icmp_seq=392 ttl=63 time=293.893 ms
64 bytes from 192.168.1.65: icmp_seq=393 ttl=63 time=516.121 ms
64 bytes from 192.168.1.65: icmp_seq=394 ttl=63 time=281.638 ms
64 bytes from 192.168.1.65: icmp_seq=395 ttl=63 time=572.343 ms
64 bytes from 192.168.1.65: icmp_seq=396 ttl=63 time=122.630 ms
64 bytes from 192.168.1.65: icmp_seq=397 ttl=63 time=404.257 ms
64 bytes from 192.168.1.65: icmp_seq=398 ttl=63 time=159.588 ms
64 bytes from 192.168.1.65: icmp_seq=399 ttl=63 time=1.526 ms
64 bytes from 192.168.1.65: icmp_seq=400 ttl=63 time=215.366 ms
64 bytes from 192.168.1.65: icmp_seq=401 ttl=63 time=238.924 ms
64 bytes from 192.168.1.65: icmp_seq=402 ttl=63 time=258.162 ms
64 bytes from 192.168.1.65: icmp_seq=403 ttl=63 time=280.018 ms
64 bytes from 192.168.1.65: icmp_seq=404 ttl=63 time=22.214 ms
64 bytes from 192.168.1.65: icmp_seq=405 ttl=63 time=124.428 ms
64 bytes from 192.168.1.65: icmp_seq=406 ttl=63 time=141.382 ms
64 bytes from 192.168.1.65: icmp_seq=407 ttl=63 time=170.368 ms
64 bytes from 192.168.1.65: icmp_seq=408 ttl=63 time=192.512 ms
64 bytes from 192.168.1.65: icmp_seq=409 ttl=63 time=213.191 ms
64 bytes from 192.168.1.65: icmp_seq=410 ttl=63 time=236.199 ms
64 bytes from 192.168.1.65: icmp_seq=411 ttl=63 time=255.899 ms
64 bytes from 192.168.1.65: icmp_seq=412 ttl=63 time=286.830 ms
64 bytes from 192.168.1.65: icmp_seq=413 ttl=63 time=454.868 ms
64 bytes from 192.168.1.65: icmp_seq=414 ttl=63 time=120.071 ms
64 bytes from 192.168.1.65: icmp_seq=415 ttl=63 time=23.078 ms
64 bytes from 192.168.1.65: icmp_seq=416 ttl=63 time=165.704 ms
64 bytes from 192.168.1.65: icmp_seq=417 ttl=63 time=188.890 ms
64 bytes from 192.168.1.65: icmp_seq=418 ttl=63 time=479.582 ms
64 bytes from 192.168.1.65: icmp_seq=419 ttl=63 time=235.003 ms
64 bytes from 192.168.1.65: icmp_seq=420 ttl=63 time=5.501 ms
64 bytes from 192.168.1.65: icmp_seq=421 ttl=63 time=1.533 ms
64 bytes from 192.168.1.65: icmp_seq=422 ttl=63 time=571.683 ms
64 bytes from 192.168.1.65: icmp_seq=423 ttl=63 time=122.192 ms
64 bytes from 192.168.1.65: icmp_seq=424 ttl=63 time=413.276 ms
64 bytes from 192.168.1.65: icmp_seq=425 ttl=63 time=168.574 ms
64 bytes from 192.168.1.65: icmp_seq=426 ttl=63 time=459.645 ms
64 bytes from 192.168.1.65: icmp_seq=427 ttl=63 time=215.081 ms
64 bytes from 192.168.1.65: icmp_seq=428 ttl=63 time=506.375 ms
64 bytes from 192.168.1.65: icmp_seq=429 ttl=63 time=261.625 ms
64 bytes from 192.168.1.65: icmp_seq=430 ttl=63 time=552.618 ms
64 bytes from 192.168.1.65: icmp_seq=431 ttl=63 time=308.016 ms
64 bytes from 192.168.1.65: icmp_seq=432 ttl=63 time=126.742 ms
64 bytes from 192.168.1.65: icmp_seq=433 ttl=63 time=149.913 ms
64 bytes from 192.168.1.65: icmp_seq=434 ttl=63 time=440.495 ms
64 bytes from 192.168.1.65: icmp_seq=435 ttl=63 time=195.787 ms
64 bytes from 192.168.1.65: icmp_seq=436 ttl=63 time=247.723 ms
64 bytes from 192.168.1.65: icmp_seq=437 ttl=63 time=242.985 ms
64 bytes from 192.168.1.65: icmp_seq=438 ttl=63 time=266.314 ms
64 bytes from 192.168.1.65: icmp_seq=439 ttl=63 time=292.781 ms
64 bytes from 192.168.1.65: icmp_seq=440 ttl=63 time=316.044 ms
64 bytes from 192.168.1.65: icmp_seq=441 ttl=63 time=136.355 ms
64 bytes from 192.168.1.65: icmp_seq=763 ttl=63 time=5.267 ms
64 bytes from 192.168.1.65: icmp_seq=764 ttl=63 time=162.706 ms
64 bytes from 192.168.1.65: icmp_seq=765 ttl=63 time=188.353 ms
64 bytes from 192.168.1.65: icmp_seq=766 ttl=63 time=221.261 ms
64 bytes from 192.168.1.65: icmp_seq=767 ttl=63 time=7.089 ms
64 bytes from 192.168.1.65: icmp_seq=768 ttl=63 time=18.909 ms
64 bytes from 192.168.1.65: icmp_seq=1433 ttl=63 time=146.339 ms
64 bytes from 192.168.1.65: icmp_seq=1434 ttl=63 time=159.833 ms
64 bytes from 192.168.1.65: icmp_seq=1435 ttl=63 time=5.783 ms
64 bytes from 192.168.1.65: icmp_seq=1436 ttl=63 time=1.818 ms
64 bytes from 192.168.1.65: icmp_seq=1437 ttl=63 time=1.653 ms
64 bytes from 192.168.1.65: icmp_seq=1438 ttl=63 time=253.116 ms
64 bytes from 192.168.1.65: icmp_seq=1439 ttl=63 time=5.938 ms
64 bytes from 192.168.1.65: icmp_seq=1440 ttl=63 time=5.858 ms
64 bytes from 192.168.1.65: icmp_seq=1441 ttl=63 time=115.319 ms
64 bytes from 192.168.1.65: icmp_seq=1442 ttl=63 time=143.015 ms
64 bytes from 192.168.1.65: icmp_seq=1443 ttl=63 time=161.576 ms
64 bytes from 192.168.1.65: icmp_seq=1444 ttl=63 time=5.853 ms
64 bytes from 192.168.1.65: icmp_seq=1445 ttl=63 time=207.900 ms
64 bytes from 192.168.1.65: icmp_seq=1446 ttl=63 time=27.178 ms
64 bytes from 192.168.1.65: icmp_seq=1447 ttl=63 time=1.707 ms
64 bytes from 192.168.1.65: icmp_seq=1448 ttl=63 time=1.534 ms
64 bytes from 192.168.1.65: icmp_seq=1449 ttl=63 time=5.974 ms
64 bytes from 192.168.1.65: icmp_seq=1450 ttl=63 time=117.768 ms
64 bytes from 192.168.1.65: icmp_seq=1451 ttl=63 time=141.572 ms
64 bytes from 192.168.1.65: icmp_seq=1452 ttl=63 time=168.268 ms
64 bytes from 192.168.1.65: icmp_seq=1453 ttl=63 time=3.519 ms
64 bytes from 192.168.1.65: icmp_seq=1454 ttl=63 time=182.535 ms
64 bytes from 192.168.1.65: icmp_seq=1455 ttl=63 time=5.908 ms
64 bytes from 192.168.1.65: icmp_seq=1456 ttl=63 time=260.415 ms
64 bytes from 192.168.1.65: icmp_seq=1457 ttl=63 time=279.363 ms
64 bytes from 192.168.1.65: icmp_seq=1458 ttl=63 time=1.495 ms
64 bytes from 192.168.1.65: icmp_seq=2361 ttl=63 time=70.876 ms
64 bytes from 192.168.1.65: icmp_seq=2362 ttl=63 time=142.343 ms
64 bytes from 192.168.1.65: icmp_seq=2363 ttl=63 time=79.176 ms
64 bytes from 192.168.1.65: icmp_seq=2364 ttl=63 time=15.028 ms
64 bytes from 192.168.1.65: icmp_seq=2365 ttl=63 time=208.411 ms
64 bytes from 192.168.1.65: icmp_seq=2366 ttl=63 time=234.927 ms
64 bytes from 192.168.1.65: icmp_seq=3341 ttl=63 time=279.188 ms
64 bytes from 192.168.1.65: icmp_seq=3342 ttl=63 time=6.128 ms
64 bytes from 192.168.1.65: icmp_seq=3343 ttl=63 time=310.825 ms
64 bytes from 192.168.1.65: icmp_seq=3344 ttl=63 time=129.903 ms
64 bytes from 192.168.1.65: icmp_seq=3345 ttl=63 time=7.386 ms
64 bytes from 192.168.1.65: icmp_seq=3346 ttl=63 time=1.925 ms
64 bytes from 192.168.1.65: icmp_seq=4245 ttl=63 time=290.634 ms
64 bytes from 192.168.1.65: icmp_seq=4246 ttl=63 time=304.867 ms
64 bytes from 192.168.1.65: icmp_seq=4247 ttl=63 time=2.441 ms
64 bytes from 192.168.1.65: icmp_seq=4248 ttl=63 time=7.764 ms
64 bytes from 192.168.1.65: icmp_seq=4249 ttl=63 time=170.725 ms
64 bytes from 192.168.1.65: icmp_seq=4250 ttl=63 time=191.834 ms
64 bytes from 192.168.1.65: icmp_seq=5269 ttl=63 time=62.988 ms
64 bytes from 192.168.1.65: icmp_seq=5270 ttl=63 time=85.555 ms
64 bytes from 192.168.1.65: icmp_seq=5271 ttl=63 time=23.201 ms
64 bytes from 192.168.1.65: icmp_seq=5272 ttl=63 time=141.683 ms
64 bytes from 192.168.1.65: icmp_seq=5273 ttl=63 time=286.321 ms
64 bytes from 192.168.1.65: icmp_seq=5274 ttl=63 time=3.459 ms
64 bytes from 192.168.1.65: icmp_seq=6174 ttl=63 time=274.516 ms
64 bytes from 192.168.1.65: icmp_seq=6175 ttl=63 time=279.642 ms
64 bytes from 192.168.1.65: icmp_seq=6176 ttl=63 time=305.165 ms
64 bytes from 192.168.1.65: icmp_seq=6177 ttl=63 time=124.559 ms
64 bytes from 192.168.1.65: icmp_seq=6178 ttl=63 time=151.670 ms
64 bytes from 192.168.1.65: icmp_seq=6179 ttl=63 time=384.688 ms
64 bytes from 192.168.1.65: icmp_seq=6180 ttl=63 time=10.841 ms
64 bytes from 192.168.1.65: icmp_seq=7078 ttl=63 time=209.250 ms
64 bytes from 192.168.1.65: icmp_seq=7079 ttl=63 time=27.259 ms
64 bytes from 192.168.1.65: icmp_seq=7080 ttl=63 time=23.308 ms
64 bytes from 192.168.1.65: icmp_seq=7081 ttl=63 time=143.684 ms
64 bytes from 192.168.1.65: icmp_seq=7082 ttl=63 time=75.432 ms
64 bytes from 192.168.1.65: icmp_seq=7083 ttl=63 time=203.906 ms
64 bytes from 192.168.1.65: icmp_seq=7983 ttl=63 time=55.202 ms
64 bytes from 192.168.1.65: icmp_seq=7984 ttl=63 time=5.755 ms
64 bytes from 192.168.1.65: icmp_seq=7985 ttl=63 ti2017.03.21 19:58:41 1: PERL WARNING: Use of uninitialized value in numeric eq (==) at ./FHEM/74_AMAD.pm line 180.
